#
# A fatal error has been detected by the Java Runtime Environment:
#
#  EXCEPTION_ACCESS_VIOLATION (0xc0000005) at pc=0x000002ae5f399324, pid=19796, tid=13988
#
# JRE version: Java(TM) SE Runtime Environment (19.0+36) (build 19+36-2238)
# Java VM: Java HotSpot(TM) 64-Bit Server VM (19+36-2238, mixed mode, sharing, tiered, compressed oops, compressed class ptrs, g1 gc, windows-amd64)
# Problematic frame:
# v  ~BufferBlob::MethodHandles adapters 0x000002ae5f399324
#
# No core dump will be written. Minidumps are not enabled by default on client versions of Windows
#
# If you would like to submit a bug report, please visit:
#   https://bugreport.java.com/bugreport/crash.jsp
#

---------------  S U M M A R Y ------------

Command Line: -XX:+ShowCodeDetailsInExceptionMessages -agentlib:jdwp=transport=dt_socket,suspend=y,address=localhost:65242 -javaagent:C:\Users\andre.bisi\eclipse\jee-2021-12\eclipse\configuration\org.eclipse.osgi\418\0\.cp\lib\javaagent-shaded.jar -Dfile.encoding=UTF-8 br.com.gerencialnet.GerencialnetApplication

Host: Intel(R) Core(TM) i7-7700 CPU @ 3.60GHz, 8 cores, 15G,  Windows 10 , 64 bit Build 19041 (10.0.19041.2913)
Time: Wed May 31 12:57:33 2023 Hora oficial do Brasil elapsed time: 863.515969 seconds (0d 0h 14m 23s)

---------------  T H R E A D  ---------------

Current thread (0x000002ae78182000):  JavaThread "http-nio-8080-exec-2" daemon [_thread_in_Java, id=13988, stack(0x000000f690100000,0x000000f690200000)]

Stack: [0x000000f690100000,0x000000f690200000],  sp=0x000000f6901faf88,  free space=1003k
Native frames: (J=compiled Java code, j=interpreted, Vv=VM code, C=native code)
C  0x000002ae5f399324


siginfo: EXCEPTION_ACCESS_VIOLATION (0xc0000005), reading address 0x00000008739ec483


Registers:
RAX=0x000002ae5f34c61a, RBX=0x0000000702162ec8, RCX=0x000000f6901faf98, RDX=0x0000000000000003
RSP=0x000000f6901faf88, RBP=0x000000f6901fafe0, RSI=0x000002ae01c32fe8, RDI=0x000002ae78bee170
R8 =0x0000000000000004, R9 =0x0000000000000004, R10=0x00000008739ec2c3, R11=0x0000000000000001
R12=0x0000000000000000, R13=0x000000f6901faf88, R14=0x000000f6901fb008, R15=0x000002ae78182000
RIP=0x000002ae5f399324, EFLAGS=0x0000000000010206


Register to memory mapping:

RIP=0x000002ae5f399324 is at begin+65 in a stub
MethodHandle::interpreter_entry::_linkToVirtual [0x000002ae5f3992e3, 0x000002ae5f39934a] (103 bytes)
RAX=0x000002ae5f34c61a is at code_begin+4634 in an Interpreter codelet
return entry points  [0x000002ae5f34b400, 0x000002ae5f34d4d0]  8400 bytes
RBX=0x0000000702162ec8 is an oop: java.lang.Long 
{0x0000000702162ec8} - klass: 'java/lang/Long'
 - ---- fields (total size 3 words):
 - private final 'value' 'J' @16  1 (1 0)
RCX=0x000000f6901faf98 is pointing into the stack for thread: 0x000002ae78182000
RDX=0x0000000000000003 is an unknown value
RSP=0x000000f6901faf88 is pointing into the stack for thread: 0x000002ae78182000
RBP=0x000000f6901fafe0 is pointing into the stack for thread: 0x000002ae78182000
RSI=0x000002ae01c32fe8 points into unknown readable memory: 0x800036000269681a | 1a 68 69 02 00 36 00 80
RDI=0x000002ae78bee170 points into unknown readable memory: 0x0000002000000070 | 70 00 00 00 20 00 00 00
R8 =0x0000000000000004 is an unknown value
R9 =0x0000000000000004 is an unknown value
R10=0x00000008739ec2c3 is an unknown value
R11=0x0000000000000001 is an unknown value
R12=0x0 is NULL
R13=0x000000f6901faf88 is pointing into the stack for thread: 0x000002ae78182000
R14=0x000000f6901fb008 is pointing into the stack for thread: 0x000002ae78182000
R15=0x000002ae78182000 is a thread


Top of Stack: (sp=0x000000f6901faf88)
0x000000f6901faf88:   000002ae5f34c61a 0000000704dbff90
0x000000f6901faf98:   000000f6901faf98 000002ae739ec2c3
0x000000f6901fafa8:   000000f6901fb008 000002ae739ec3f8
0x000000f6901fafb8:   000002ae739ec6e0 0000000702833510
0x000000f6901fafc8:   000002ae739ec2d0 000000f6901faf88
0x000000f6901fafd8:   000000f6901fb010 000000f6901fb3c8
0x000000f6901fafe8:   000002ae591c8fa6 00000007129c4e00
0x000000f6901faff8:   0000000702162ec8 0000000704dbff90
0x000000f6901fb008:   00000007129c4f68 00000007042eba38
0x000000f6901fb018:   000002ae5f8fdb11 00000007042eba38
0x000000f6901fb028:   000000f6901fb080 00000007129c5278
0x000000f6901fb038:   0000000704dbff90 00000007129c5228
0x000000f6901fb048:   0000000702162ec8 0000000702162ec8
0x000000f6901fb058:   00000007129c5130 00000007129c4f68
0x000000f6901fb068:   0000000704dbff90 000002ae591c8e1c
0x000000f6901fb078:   000000f6901fb0f0 000000f6901fb3c8 

Instructions: (pc=0x000002ae5f399324)
0x000002ae5f399224:   ff ff ff ff f0 10 00 00 00 00 00 00 80 92 39 5f
0x000002ae5f399234:   ae 02 00 00 00 a3 39 5f ae 02 00 00 80 92 39 5f
0x000002ae5f399244:   ae 02 00 00 00 a3 39 5f ae 02 00 00 78 92 39 5f
0x000002ae5f399254:   ae 02 00 00 78 92 39 5f ae 02 00 00 00 00 00 00
0x000002ae5f399264:   00 00 00 00 00 00 00 00 00 00 00 00 68 3b 6a da
0x000002ae5f399274:   fc 7f 00 00 00 00 00 00 00 00 00 00 f4 66 66 66
0x000002ae5f399284:   0f 1f 84 00 00 00 00 00 66 66 66 90 66 66 66 0f
0x000002ae5f399294:   1f 84 00 00 00 00 00 66 66 66 90 90 48 8b 53 08
0x000002ae5f3992a4:   0f b7 52 2c 48 8b 0c d4 8b 59 14 48 c1 e3 03 8b
0x000002ae5f3992b4:   5b 28 48 c1 e3 03 8b 5b 24 48 c1 e3 03 48 8b 5b
0x000002ae5f3992c4:   10 48 85 db 0f 84 10 00 00 00 41 80 bf f8 04 00
0x000002ae5f3992d4:   00 00 74 03 ff 63 38 ff 63 50 e9 1d ac fd ff 66
0x000002ae5f3992e4:   66 66 0f 1f 84 00 00 00 00 00 66 66 66 90 66 66
0x000002ae5f3992f4:   0f 1f 84 00 00 00 00 00 66 66 66 90 48 8b 53 08
0x000002ae5f399304:   0f b7 52 2c 48 8b 0c d4 58 5b 50 44 8b 51 08 49
0x000002ae5f399314:   bb 00 00 00 00 08 00 00 00 4d 03 d3 4c 8b 5b 10
0x000002ae5f399324:   4b 8b 9c da b8 01 00 00 48 85 db 0f 84 10 00 00
0x000002ae5f399334:   00 41 80 bf f8 04 00 00 00 74 03 ff 63 38 ff 63
0x000002ae5f399344:   50 e9 b6 ab fd ff 66 66 66 0f 1f 84 00 00 00 00
0x000002ae5f399354:   00 66 66 66 90 0f 1f 80 00 00 00 00 58 5b 50 8b
0x000002ae5f399364:   5b 24 48 c1 e3 03 48 8b 5b 10 48 85 db 0f 84 10
0x000002ae5f399374:   00 00 00 41 80 bf f8 04 00 00 00 74 03 ff 63 38
0x000002ae5f399384:   ff 63 50 e9 74 ab fd ff 66 66 66 0f 1f 84 00 00
0x000002ae5f399394:   00 00 00 66 66 66 90 0f 1f 44 00 00 48 8b 53 08
0x000002ae5f3993a4:   0f b7 52 2c 48 8b 0c d4 58 5b 50 48 3b 01 8b 5b
0x000002ae5f3993b4:   24 48 c1 e3 03 48 8b 5b 10 48 85 db 0f 84 10 00
0x000002ae5f3993c4:   00 00 41 80 bf f8 04 00 00 00 74 03 ff 63 38 ff
0x000002ae5f3993d4:   63 50 e9 25 ab fd ff 0f 1f 44 00 00 48 8b 53 08
0x000002ae5f3993e4:   0f b7 52 2c 48 8b 0c d4 58 5b 50 44 8b 51 08 49
0x000002ae5f3993f4:   bb 00 00 00 00 08 00 00 00 4d 03 d3 8b 43 18 48
0x000002ae5f399404:   c1 e0 03 48 8b 40 10 48 8b 5b 10 45 8b 9a a0 00
0x000002ae5f399414:   00 00 4f 8d 9c da b8 01 00 00 4d 8d 14 da 49 8b 


Stack slot to memory mapping:
stack at sp + 0 slots: 0x000002ae5f34c61a is at code_begin+4634 in an Interpreter codelet
return entry points  [0x000002ae5f34b400, 0x000002ae5f34d4d0]  8400 bytes
stack at sp + 1 slots: 0x0000000704dbff90 is an oop: br.com.gerencialnet.controller.ServicoController 
{0x0000000704dbff90} - klass: 'br/com/gerencialnet/controller/ServicoController'
 - ---- fields (total size 2 words):
 - private 'repository' 'Lbr/com/gerencialnet/domain/servico/ServicoRepository;' @12  a 'jdk/proxy12/$Proxy282'{0x0000000704d21178} (e09a422f)
stack at sp + 2 slots: 0x000000f6901faf98 is pointing into the stack for thread: 0x000002ae78182000
stack at sp + 3 slots: 0x000002ae739ec2c3 is pointing into metadata
stack at sp + 4 slots: 0x000000f6901fb008 is pointing into the stack for thread: 0x000002ae78182000
stack at sp + 5 slots: 0x000002ae739ec3f8 is pointing into metadata
stack at sp + 6 slots: 0x000002ae739ec6e0 is pointing into metadata
stack at sp + 7 slots: 0x0000000702833510 is an oop: java.lang.Class 
{0x0000000702833510} - klass: 'java/lang/Class'
 - ---- fields (total size 15 words):
 - private volatile transient 'classRedefinedCount' 'I' @12  0
 - abstract internal 'klass' 'J' @16  34377213952 (10aa800 8)
 - abstract internal 'array_klass' 'J' @24  0 (0 0)
 - abstract internal 'oop_size' 'I' @32  15 (f)
 - abstract internal 'static_oop_field_count' 'I' @36  1
 - private volatile transient 'cachedConstructor' 'Ljava/lang/reflect/Constructor;' @40  NULL (0)
 - private transient 'name' 'Ljava/lang/String;' @44  NULL (0)
 - private transient 'module' 'Ljava/lang/Module;' @48  a 'java/lang/Module'{0x00000007022d91f8} (e045b23f)
 - private final 'classLoader' 'Ljava/lang/ClassLoader;' @52  NULL (0)
 - private transient 'classData' 'Ljava/lang/Object;' @56  a 'java/util/ImmutableCollections$List12'{0x0000000702833960} (e050672c)
 - private transient 'packageName' 'Ljava/lang/String;' @60  NULL (0)
 - private final 'componentType' 'Ljava/lang/Class;' @64  NULL (0)
 - private volatile transient 'reflectionData' 'Ljava/lang/ref/SoftReference;' @68  NULL (0)
 - private volatile transient 'genericInfo' 'Lsun/reflect/generics/repository/ClassRepository;' @72  NULL (0)
 - private volatile transient 'enumConstants' '[Ljava/lang/Object;' @76  NULL (0)
 - private volatile transient 'enumConstantDirectory' 'Ljava/util/Map;' @80  NULL (0)
 - private volatile transient 'annotationData' 'Ljava/lang/Class$AnnotationData;' @84  NULL (0)
 - private volatile transient 'annotationType' 'Lsun/reflect/annotation/AnnotationType;' @88  NULL (0)
 - transient 'classValueMap' 'Ljava/lang/ClassValue$ClassValueMap;' @92  NULL (0)
 - abstract internal 'protection_domain' 'Ljava/lang/Object;' @96  NULL (0)
 - abstract internal 'signers_name' 'Ljava/lang/Object;' @100  NULL (0)
 - abstract internal 'source_file' 'Ljava/lang/Object;' @104  NULL (0)
 - signature: Ljava/lang/invoke/LambdaForm$DMH+0x00000008010aa800;
 - ---- static fields (1):
 - static final '_D_0' 'Ljava/lang/invoke/LambdaForm;' @112  a 'java/lang/invoke/LambdaForm'{0x00000007028337b0} => a 'java/lang/invoke/MemberName'{0x00000007028338e0} = {method} {0x000002ae739ec2d8} 'invokeVirtual' '(Ljava/lang/Object;Ljava/lang/Object;Ljava/lang/Object;)Ljava/lang/Object;' in 'java/lang/invoke/LambdaForm$DMH+0x00000008010aa800' (e05066f6)

MethodHandle::interpreter_entry::_linkToVirtual [0x000002ae5f3992e3, 0x000002ae5f39934a] (103 bytes)
[MachCode]
  0x000002ae5f3992e3: 6666 660f | 1f84 0000 | 0000 0066 | 6666 9066 | 660f 1f84 | 0000 0000 | 0066 6666 | 9048 8b53 
  0x000002ae5f399303: 080f b752 | 2c48 8b0c | d458 5b50 | 448b 5108 | 49bb 0000 | 0000 0800 | 0000 4d03 | d34c 8b5b 
  0x000002ae5f399323: 104b 8b9c | dab8 0100 | 0048 85db | 0f84 1000 | 0000 4180 | bff8 0400 | 0000 7403 | ff63 38ff 
  0x000002ae5f399343: 6350 e9b6 | 
[/MachCode]

---------------  P R O C E S S  ---------------

Threads class SMR info:
_java_thread_list=0x000002ae7daf2820, length=33, elements={
0x000002ae7323b3e0, 0x000002ae7323c1d0, 0x000002ae7323fd30, 0x000002ae73243780,
0x000002ae73245a80, 0x000002ae73247b70, 0x000002ae7324cac0, 0x000002ae7324f520,
0x000002ae73265680, 0x000002ae73263150, 0x000002ae775738f0, 0x000002ae776df320,
0x000002ae73262c00, 0x000002ae732626b0, 0x000002ae7d6e3900, 0x000002ae7d6e43a0,
0x000002ae78188a40, 0x000002ae78181560, 0x000002ae78185520, 0x000002ae78184a80,
0x000002ae78182aa0, 0x000002ae78182550, 0x000002ae78182000, 0x000002ae78181010,
0x000002ae78187fa0, 0x000002ae78186510, 0x000002ae78183540, 0x000002ae78183a90,
0x000002ae78186a60, 0x000002ae7d6e1920, 0x000002ae7d6e4e40, 0x000002ae7d6dfe90,
0x000002ae7d6e5390
}

Java Threads: ( => current thread )
  0x000002ae7323b3e0 JavaThread "Reference Handler" daemon [_thread_blocked, id=14204, stack(0x000000f68e200000,0x000000f68e300000)]
  0x000002ae7323c1d0 JavaThread "Finalizer" daemon [_thread_blocked, id=4580, stack(0x000000f68e300000,0x000000f68e400000)]
  0x000002ae7323fd30 JavaThread "Signal Dispatcher" daemon [_thread_blocked, id=13332, stack(0x000000f68e400000,0x000000f68e500000)]
  0x000002ae73243780 JavaThread "Attach Listener" daemon [_thread_blocked, id=2912, stack(0x000000f68e500000,0x000000f68e600000)]
  0x000002ae73245a80 JavaThread "Service Thread" daemon [_thread_blocked, id=19172, stack(0x000000f68e600000,0x000000f68e700000)]
  0x000002ae73247b70 JavaThread "Monitor Deflation Thread" daemon [_thread_blocked, id=4212, stack(0x000000f68e700000,0x000000f68e800000)]
  0x000002ae7324cac0 JavaThread "C2 CompilerThread0" daemon [_thread_blocked, id=18952, stack(0x000000f68e800000,0x000000f68e900000)]
  0x000002ae7324f520 JavaThread "C1 CompilerThread0" daemon [_thread_blocked, id=12104, stack(0x000000f68e900000,0x000000f68ea00000)]
  0x000002ae73265680 JavaThread "Sweeper thread" daemon [_thread_blocked, id=21136, stack(0x000000f68ea00000,0x000000f68eb00000)]
  0x000002ae73263150 JavaThread "Common-Cleaner" daemon [_thread_blocked, id=20212, stack(0x000000f68eb00000,0x000000f68ec00000)]
  0x000002ae775738f0 JavaThread "JDWP Transport Listener: dt_socket" daemon [_thread_blocked, id=20832, stack(0x000000f68ec00000,0x000000f68ed00000)]
  0x000002ae776df320 JavaThread "JDWP Event Helper Thread" daemon [_thread_blocked, id=8648, stack(0x000000f68ed00000,0x000000f68ee00000)]
  0x000002ae73262c00 JavaThread "JDWP Command Reader" daemon [_thread_in_native, id=11256, stack(0x000000f68ee00000,0x000000f68ef00000)]
  0x000002ae732626b0 JavaThread "Notification Thread" daemon [_thread_blocked, id=10676, stack(0x000000f68f000000,0x000000f68f100000)]
  0x000002ae7d6e3900 JavaThread "Live Reload Server" daemon [_thread_in_native, id=21496, stack(0x000000f690400000,0x000000f690500000)]
  0x000002ae7d6e43a0 JavaThread "DestroyJavaVM" [_thread_blocked, id=16760, stack(0x000000f68db00000,0x000000f68dc00000)]
  0x000002ae78188a40 JavaThread "HikariPool-9 housekeeper" daemon [_thread_blocked, id=12976, stack(0x000000f68ef00000,0x000000f68f000000)]
  0x000002ae78181560 JavaThread "Catalina-utility-1" [_thread_blocked, id=15940, stack(0x000000f68fc00000,0x000000f68fd00000)]
  0x000002ae78185520 JavaThread "Catalina-utility-2" [_thread_blocked, id=15028, stack(0x000000f68fe00000,0x000000f68ff00000)]
  0x000002ae78184a80 JavaThread "container-0" [_thread_blocked, id=13376, stack(0x000000f68ff00000,0x000000f690000000)]
  0x000002ae78182aa0 JavaThread "File Watcher" daemon [_thread_blocked, id=11432, stack(0x000000f68f300000,0x000000f68f400000)]
  0x000002ae78182550 JavaThread "http-nio-8080-exec-1" daemon [_thread_in_Java, id=4820, stack(0x000000f690000000,0x000000f690100000)]
=>0x000002ae78182000 JavaThread "http-nio-8080-exec-2" daemon [_thread_in_Java, id=13988, stack(0x000000f690100000,0x000000f690200000)]
  0x000002ae78181010 JavaThread "http-nio-8080-exec-3" daemon [_thread_blocked, id=1200, stack(0x000000f690200000,0x000000f690300000)]
  0x000002ae78187fa0 JavaThread "http-nio-8080-exec-4" daemon [_thread_blocked, id=19928, stack(0x000000f690300000,0x000000f690400000)]
  0x000002ae78186510 JavaThread "http-nio-8080-exec-5" daemon [_thread_blocked, id=19364, stack(0x000000f690500000,0x000000f690600000)]
  0x000002ae78183540 JavaThread "http-nio-8080-exec-6" daemon [_thread_blocked, id=14908, stack(0x000000f690600000,0x000000f690700000)]
  0x000002ae78183a90 JavaThread "http-nio-8080-exec-7" daemon [_thread_blocked, id=8328, stack(0x000000f690700000,0x000000f690800000)]
  0x000002ae78186a60 JavaThread "http-nio-8080-exec-8" daemon [_thread_blocked, id=4576, stack(0x000000f690800000,0x000000f690900000)]
  0x000002ae7d6e1920 JavaThread "http-nio-8080-exec-9" daemon [_thread_blocked, id=11004, stack(0x000000f690900000,0x000000f690a00000)]
  0x000002ae7d6e4e40 JavaThread "http-nio-8080-exec-10" daemon [_thread_blocked, id=1180, stack(0x000000f690a00000,0x000000f690b00000)]
  0x000002ae7d6dfe90 JavaThread "http-nio-8080-Poller" daemon [_thread_in_native, id=9708, stack(0x000000f690b00000,0x000000f690c00000)]
  0x000002ae7d6e5390 JavaThread "http-nio-8080-Acceptor" daemon [_thread_in_native, id=2112, stack(0x000000f690c00000,0x000000f690d00000)]

Other Threads:
  0x000002ae7321d8f0 VMThread "VM Thread" [stack: 0x000000f68e100000,0x000000f68e200000] [id=4960]
  0x000002ae4feb0d50 WatcherThread "VM Periodic Task Thread" [stack: 0x000000f68f100000,0x000000f68f200000] [id=7436]
  0x000002ae4ff1fd70 WorkerThread "GC Thread#0" [stack: 0x000000f68dc00000,0x000000f68dd00000] [id=16360]
  0x000002ae7833ecf0 WorkerThread "GC Thread#1" [stack: 0x000000f68f400000,0x000000f68f500000] [id=4948]
  0x000002ae78502ff0 WorkerThread "GC Thread#2" [stack: 0x000000f68f500000,0x000000f68f600000] [id=9064]
  0x000002ae786c2190 WorkerThread "GC Thread#3" [stack: 0x000000f68f600000,0x000000f68f700000] [id=17728]
  0x000002ae786c2460 WorkerThread "GC Thread#4" [stack: 0x000000f68f700000,0x000000f68f800000] [id=1716]
  0x000002ae786c2730 WorkerThread "GC Thread#5" [stack: 0x000000f68f800000,0x000000f68f900000] [id=7196]
  0x000002ae786fcb30 WorkerThread "GC Thread#6" [stack: 0x000000f68f900000,0x000000f68fa00000] [id=4816]
  0x000002ae786fd670 WorkerThread "GC Thread#7" [stack: 0x000000f68fa00000,0x000000f68fb00000] [id=20268]
  0x000002ae4ff31410 ConcurrentGCThread "G1 Main Marker" [stack: 0x000000f68dd00000,0x000000f68de00000] [id=5752]
  0x000002ae4ff31e40 WorkerThread "G1 Conc#0" [stack: 0x000000f68de00000,0x000000f68df00000] [id=6864]
  0x000002ae786fdee0 WorkerThread "G1 Conc#1" [stack: 0x000000f68fb00000,0x000000f68fc00000] [id=17660]
  0x000002ae4ff6e450 ConcurrentGCThread "G1 Refine#0" [stack: 0x000000f68df00000,0x000000f68e000000] [id=8808]
  0x000002ae730d7150 ConcurrentGCThread "G1 Service" [stack: 0x000000f68e000000,0x000000f68e100000] [id=17612]

Threads with active compile tasks:

VM state: not at safepoint (normal execution)

VM Mutex/Monitor currently owned by a thread: None

Heap address: 0x0000000702000000, size: 4064 MB, Compressed Oops mode: Zero based, Oop shift amount: 3

CDS archive(s) mapped at: [0x0000000800000000-0x0000000800c40000-0x0000000800c40000), size 12845056, SharedBaseAddress: 0x0000000800000000, ArchiveRelocationMode: 0.
Compressed class space mapped at: 0x0000000801000000-0x0000000841000000, reserved size: 1073741824
Narrow klass base: 0x0000000800000000, Narrow klass shift: 0, Narrow klass range: 0x100000000

GC Precious Log:
 CardTable entry size: 512
 Card Set container configuration: InlinePtr #cards 4 size 8 Array Of Cards #cards 8 size 32 Howl #buckets 8 coarsen threshold 3686 Howl Bitmap #cards 512 size 80 coarsen threshold 460 Card regions per heap region 1 cards per card region 4096
 CPUs: 8 total, 8 available
 Memory: 16253M
 Large Page Support: Disabled
 NUMA Support: Disabled
 Compressed Oops: Enabled (Zero based)
 Heap Region Size: 2M
 Heap Min Capacity: 8M
 Heap Initial Capacity: 254M
 Heap Max Capacity: 4064M
 Pre-touch: Disabled
 Parallel Workers: 8
 Concurrent Workers: 2
 Concurrent Refinement Workers: 8
 Periodic GC: Disabled

Heap:
 garbage-first heap   total 382976K, used 162157K [0x0000000702000000, 0x0000000800000000)
  region size 2048K, 60 young (122880K), 1 survivors (2048K)
 Metaspace       used 84346K, committed 85184K, reserved 1179648K
  class space    used 9930K, committed 10304K, reserved 1048576K

Heap Regions: E=young(eden), S=young(survivor), O=old, HS=humongous(starts), HC=humongous(continues), CS=collection set, F=free, OA=open archive, CA=closed archive, TAMS=top-at-mark-start (previous, next)
|   0|0x0000000702000000, 0x0000000702200000, 0x0000000702200000|100%| O|  |TAMS 0x0000000702200000, 0x0000000702000000| Untracked 
|   1|0x0000000702200000, 0x0000000702400000, 0x0000000702400000|100%| O|  |TAMS 0x0000000702400000, 0x0000000702200000| Untracked 
|   2|0x0000000702400000, 0x0000000702600000, 0x0000000702600000|100%| O|  |TAMS 0x0000000702600000, 0x0000000702400000| Untracked 
|   3|0x0000000702600000, 0x00000007027fffc0, 0x0000000702800000| 99%| O|  |TAMS 0x00000007027fffc0, 0x0000000702600000| Untracked 
|   4|0x0000000702800000, 0x0000000702a00000, 0x0000000702a00000|100%| O|  |TAMS 0x0000000702a00000, 0x0000000702800000| Untracked 
|   5|0x0000000702a00000, 0x0000000702bffff0, 0x0000000702c00000| 99%| O|  |TAMS 0x0000000702bffff0, 0x0000000702a00000| Untracked 
|   6|0x0000000702c00000, 0x0000000702dffff0, 0x0000000702e00000| 99%| O|  |TAMS 0x0000000702dffff0, 0x0000000702c00000| Untracked 
|   7|0x0000000702e00000, 0x0000000702ffffa0, 0x0000000703000000| 99%| O|  |TAMS 0x0000000702ffffa0, 0x0000000702e00000| Untracked 
|   8|0x0000000703000000, 0x00000007031fffd8, 0x0000000703200000| 99%| O|  |TAMS 0x00000007031fffd8, 0x0000000703000000| Untracked 
|   9|0x0000000703200000, 0x00000007033e6990, 0x0000000703400000| 95%| O|  |TAMS 0x00000007033e6990, 0x0000000703200000| Untracked 
|  10|0x0000000703400000, 0x0000000703561360, 0x0000000703600000| 68%| O|  |TAMS 0x0000000703561360, 0x0000000703400000| Untracked 
|  11|0x0000000703600000, 0x0000000703792090, 0x0000000703800000| 78%| O|  |TAMS 0x0000000703792090, 0x0000000703600000| Untracked 
|  12|0x0000000703800000, 0x00000007039fffd0, 0x0000000703a00000| 99%| O|  |TAMS 0x00000007039fffd0, 0x0000000703800000| Untracked 
|  13|0x0000000703a00000, 0x0000000703bffff8, 0x0000000703c00000| 99%| O|  |TAMS 0x0000000703bffff8, 0x0000000703a00000| Untracked 
|  14|0x0000000703c00000, 0x0000000703dfffe0, 0x0000000703e00000| 99%| O|  |TAMS 0x0000000703dfffe0, 0x0000000703c00000| Untracked 
|  15|0x0000000703e00000, 0x0000000704000000, 0x0000000704000000|100%| O|  |TAMS 0x0000000703e00000, 0x0000000703e00000| Untracked 
|  16|0x0000000704000000, 0x0000000704000000, 0x0000000704200000|  0%| F|  |TAMS 0x0000000704000000, 0x0000000704000000| Untracked 
|  17|0x0000000704200000, 0x0000000704400000, 0x0000000704400000|100%| O|  |TAMS 0x0000000704400000, 0x0000000704200000| Untracked 
|  18|0x0000000704400000, 0x0000000704600000, 0x0000000704600000|100%| O|  |TAMS 0x0000000704600000, 0x0000000704400000| Untracked 
|  19|0x0000000704600000, 0x0000000704800000, 0x0000000704800000|100%| O|  |TAMS 0x0000000704800000, 0x0000000704600000| Untracked 
|  20|0x0000000704800000, 0x0000000704894640, 0x0000000704a00000| 28%| O|  |TAMS 0x0000000704894640, 0x0000000704800000| Untracked 
|  21|0x0000000704a00000, 0x0000000704a99dc0, 0x0000000704c00000| 30%| O|  |TAMS 0x0000000704a99dc0, 0x0000000704a00000| Untracked 
|  22|0x0000000704c00000, 0x0000000704e00000, 0x0000000704e00000|100%| O|  |TAMS 0x0000000704ca9200, 0x0000000704c00000| Untracked 
|  23|0x0000000704e00000, 0x0000000705000000, 0x0000000705000000|100%| O|  |TAMS 0x0000000704e00000, 0x0000000704e00000| Untracked 
|  24|0x0000000705000000, 0x0000000705123800, 0x0000000705200000| 56%| O|  |TAMS 0x0000000705000000, 0x0000000705000000| Untracked 
|  25|0x0000000705200000, 0x0000000705200000, 0x0000000705400000|  0%| F|  |TAMS 0x0000000705200000, 0x0000000705200000| Untracked 
|  26|0x0000000705400000, 0x0000000705400000, 0x0000000705600000|  0%| F|  |TAMS 0x0000000705400000, 0x0000000705400000| Untracked 
|  27|0x0000000705600000, 0x0000000705600000, 0x0000000705800000|  0%| F|  |TAMS 0x0000000705600000, 0x0000000705600000| Untracked 
|  28|0x0000000705800000, 0x0000000705800000, 0x0000000705a00000|  0%| F|  |TAMS 0x0000000705800000, 0x0000000705800000| Untracked 
|  29|0x0000000705a00000, 0x0000000705a00000, 0x0000000705c00000|  0%| F|  |TAMS 0x0000000705a00000, 0x0000000705a00000| Untracked 
|  30|0x0000000705c00000, 0x0000000705c00000, 0x0000000705e00000|  0%| F|  |TAMS 0x0000000705c00000, 0x0000000705c00000| Untracked 
|  31|0x0000000705e00000, 0x0000000705e00000, 0x0000000706000000|  0%| F|  |TAMS 0x0000000705e00000, 0x0000000705e00000| Untracked 
|  32|0x0000000706000000, 0x0000000706000000, 0x0000000706200000|  0%| F|  |TAMS 0x0000000706000000, 0x0000000706000000| Untracked 
|  33|0x0000000706200000, 0x0000000706200000, 0x0000000706400000|  0%| F|  |TAMS 0x0000000706200000, 0x0000000706200000| Untracked 
|  34|0x0000000706400000, 0x0000000706400000, 0x0000000706600000|  0%| F|  |TAMS 0x0000000706400000, 0x0000000706400000| Untracked 
|  35|0x0000000706600000, 0x0000000706600000, 0x0000000706800000|  0%| F|  |TAMS 0x0000000706600000, 0x0000000706600000| Untracked 
|  36|0x0000000706800000, 0x0000000706800000, 0x0000000706a00000|  0%| F|  |TAMS 0x0000000706800000, 0x0000000706800000| Untracked 
|  37|0x0000000706a00000, 0x0000000706a00000, 0x0000000706c00000|  0%| F|  |TAMS 0x0000000706a00000, 0x0000000706a00000| Untracked 
|  38|0x0000000706c00000, 0x0000000706c00000, 0x0000000706e00000|  0%| F|  |TAMS 0x0000000706c00000, 0x0000000706c00000| Untracked 
|  39|0x0000000706e00000, 0x0000000706e00000, 0x0000000707000000|  0%| F|  |TAMS 0x0000000706e00000, 0x0000000706e00000| Untracked 
|  40|0x0000000707000000, 0x0000000707000000, 0x0000000707200000|  0%| F|  |TAMS 0x0000000707000000, 0x0000000707000000| Untracked 
|  41|0x0000000707200000, 0x0000000707200000, 0x0000000707400000|  0%| F|  |TAMS 0x0000000707200000, 0x0000000707200000| Untracked 
|  42|0x0000000707400000, 0x0000000707400000, 0x0000000707600000|  0%| F|  |TAMS 0x0000000707400000, 0x0000000707400000| Untracked 
|  43|0x0000000707600000, 0x0000000707600000, 0x0000000707800000|  0%| F|  |TAMS 0x0000000707600000, 0x0000000707600000| Untracked 
|  44|0x0000000707800000, 0x0000000707800000, 0x0000000707a00000|  0%| F|  |TAMS 0x0000000707800000, 0x0000000707800000| Untracked 
|  45|0x0000000707a00000, 0x0000000707a00000, 0x0000000707c00000|  0%| F|  |TAMS 0x0000000707a00000, 0x0000000707a00000| Untracked 
|  46|0x0000000707c00000, 0x0000000707c00000, 0x0000000707e00000|  0%| F|  |TAMS 0x0000000707c00000, 0x0000000707c00000| Untracked 
|  47|0x0000000707e00000, 0x0000000707e00000, 0x0000000708000000|  0%| F|  |TAMS 0x0000000707e00000, 0x0000000707e00000| Untracked 
|  48|0x0000000708000000, 0x0000000708000000, 0x0000000708200000|  0%| F|  |TAMS 0x0000000708000000, 0x0000000708000000| Untracked 
|  49|0x0000000708200000, 0x0000000708200000, 0x0000000708400000|  0%| F|  |TAMS 0x0000000708200000, 0x0000000708200000| Untracked 
|  50|0x0000000708400000, 0x0000000708400000, 0x0000000708600000|  0%| F|  |TAMS 0x0000000708400000, 0x0000000708400000| Untracked 
|  51|0x0000000708600000, 0x0000000708600000, 0x0000000708800000|  0%| F|  |TAMS 0x0000000708600000, 0x0000000708600000| Untracked 
|  52|0x0000000708800000, 0x0000000708800000, 0x0000000708a00000|  0%| F|  |TAMS 0x0000000708800000, 0x0000000708800000| Untracked 
|  53|0x0000000708a00000, 0x0000000708a00000, 0x0000000708c00000|  0%| F|  |TAMS 0x0000000708a00000, 0x0000000708a00000| Untracked 
|  54|0x0000000708c00000, 0x0000000708c00000, 0x0000000708e00000|  0%| F|  |TAMS 0x0000000708c00000, 0x0000000708c00000| Untracked 
|  55|0x0000000708e00000, 0x0000000708e00000, 0x0000000709000000|  0%| F|  |TAMS 0x0000000708e00000, 0x0000000708e00000| Untracked 
|  56|0x0000000709000000, 0x0000000709000000, 0x0000000709200000|  0%| F|  |TAMS 0x0000000709000000, 0x0000000709000000| Untracked 
|  57|0x0000000709200000, 0x0000000709200000, 0x0000000709400000|  0%| F|  |TAMS 0x0000000709200000, 0x0000000709200000| Untracked 
|  58|0x0000000709400000, 0x0000000709400000, 0x0000000709600000|  0%| F|  |TAMS 0x0000000709400000, 0x0000000709400000| Untracked 
|  59|0x0000000709600000, 0x0000000709600000, 0x0000000709800000|  0%| F|  |TAMS 0x0000000709600000, 0x0000000709600000| Untracked 
|  60|0x0000000709800000, 0x0000000709800000, 0x0000000709a00000|  0%| F|  |TAMS 0x0000000709800000, 0x0000000709800000| Untracked 
|  61|0x0000000709a00000, 0x0000000709a00000, 0x0000000709c00000|  0%| F|  |TAMS 0x0000000709a00000, 0x0000000709a00000| Untracked 
|  62|0x0000000709c00000, 0x0000000709c00000, 0x0000000709e00000|  0%| F|  |TAMS 0x0000000709c00000, 0x0000000709c00000| Untracked 
|  63|0x0000000709e00000, 0x0000000709f2fbd0, 0x000000070a000000| 59%| S|CS|TAMS 0x0000000709e00000, 0x0000000709e00000| Complete 
|  64|0x000000070a000000, 0x000000070a000000, 0x000000070a200000|  0%| F|  |TAMS 0x000000070a000000, 0x000000070a000000| Untracked 
|  65|0x000000070a200000, 0x000000070a200000, 0x000000070a400000|  0%| F|  |TAMS 0x000000070a200000, 0x000000070a200000| Untracked 
|  66|0x000000070a400000, 0x000000070a400000, 0x000000070a600000|  0%| F|  |TAMS 0x000000070a400000, 0x000000070a400000| Untracked 
|  67|0x000000070a600000, 0x000000070a600000, 0x000000070a800000|  0%| F|  |TAMS 0x000000070a600000, 0x000000070a600000| Untracked 
|  68|0x000000070a800000, 0x000000070a800000, 0x000000070aa00000|  0%| F|  |TAMS 0x000000070a800000, 0x000000070a800000| Untracked 
|  69|0x000000070aa00000, 0x000000070aa00000, 0x000000070ac00000|  0%| F|  |TAMS 0x000000070aa00000, 0x000000070aa00000| Untracked 
|  70|0x000000070ac00000, 0x000000070ac00000, 0x000000070ae00000|  0%| F|  |TAMS 0x000000070ac00000, 0x000000070ac00000| Untracked 
|  71|0x000000070ae00000, 0x000000070ae00000, 0x000000070b000000|  0%| F|  |TAMS 0x000000070ae00000, 0x000000070ae00000| Untracked 
|  72|0x000000070b000000, 0x000000070b000000, 0x000000070b200000|  0%| F|  |TAMS 0x000000070b000000, 0x000000070b000000| Untracked 
|  73|0x000000070b200000, 0x000000070b200000, 0x000000070b400000|  0%| F|  |TAMS 0x000000070b200000, 0x000000070b200000| Untracked 
|  74|0x000000070b400000, 0x000000070b400000, 0x000000070b600000|  0%| F|  |TAMS 0x000000070b400000, 0x000000070b400000| Untracked 
|  75|0x000000070b600000, 0x000000070b600000, 0x000000070b800000|  0%| F|  |TAMS 0x000000070b600000, 0x000000070b600000| Untracked 
|  76|0x000000070b800000, 0x000000070b800000, 0x000000070ba00000|  0%| F|  |TAMS 0x000000070b800000, 0x000000070b800000| Untracked 
|  77|0x000000070ba00000, 0x000000070ba00000, 0x000000070bc00000|  0%| F|  |TAMS 0x000000070ba00000, 0x000000070ba00000| Untracked 
|  78|0x000000070bc00000, 0x000000070bc00000, 0x000000070be00000|  0%| F|  |TAMS 0x000000070bc00000, 0x000000070bc00000| Untracked 
|  79|0x000000070be00000, 0x000000070be00000, 0x000000070c000000|  0%| F|  |TAMS 0x000000070be00000, 0x000000070be00000| Untracked 
|  80|0x000000070c000000, 0x000000070c000000, 0x000000070c200000|  0%| F|  |TAMS 0x000000070c000000, 0x000000070c000000| Untracked 
|  81|0x000000070c200000, 0x000000070c200000, 0x000000070c400000|  0%| F|  |TAMS 0x000000070c200000, 0x000000070c200000| Untracked 
|  82|0x000000070c400000, 0x000000070c400000, 0x000000070c600000|  0%| F|  |TAMS 0x000000070c400000, 0x000000070c400000| Untracked 
|  83|0x000000070c600000, 0x000000070c600000, 0x000000070c800000|  0%| F|  |TAMS 0x000000070c600000, 0x000000070c600000| Untracked 
|  84|0x000000070c800000, 0x000000070c800000, 0x000000070ca00000|  0%| F|  |TAMS 0x000000070c800000, 0x000000070c800000| Untracked 
|  85|0x000000070ca00000, 0x000000070ca00000, 0x000000070cc00000|  0%| F|  |TAMS 0x000000070ca00000, 0x000000070ca00000| Untracked 
|  86|0x000000070cc00000, 0x000000070cc00000, 0x000000070ce00000|  0%| F|  |TAMS 0x000000070cc00000, 0x000000070cc00000| Untracked 
|  87|0x000000070ce00000, 0x000000070ce00000, 0x000000070d000000|  0%| F|  |TAMS 0x000000070ce00000, 0x000000070ce00000| Untracked 
|  88|0x000000070d000000, 0x000000070d000000, 0x000000070d200000|  0%| F|  |TAMS 0x000000070d000000, 0x000000070d000000| Untracked 
|  89|0x000000070d200000, 0x000000070d200000, 0x000000070d400000|  0%| F|  |TAMS 0x000000070d200000, 0x000000070d200000| Untracked 
|  90|0x000000070d400000, 0x000000070d400000, 0x000000070d600000|  0%| F|  |TAMS 0x000000070d400000, 0x000000070d400000| Untracked 
|  91|0x000000070d600000, 0x000000070d600000, 0x000000070d800000|  0%| F|  |TAMS 0x000000070d600000, 0x000000070d600000| Untracked 
|  92|0x000000070d800000, 0x000000070d800000, 0x000000070da00000|  0%| F|  |TAMS 0x000000070d800000, 0x000000070d800000| Untracked 
|  93|0x000000070da00000, 0x000000070da00000, 0x000000070dc00000|  0%| F|  |TAMS 0x000000070da00000, 0x000000070da00000| Untracked 
|  94|0x000000070dc00000, 0x000000070dc00000, 0x000000070de00000|  0%| F|  |TAMS 0x000000070dc00000, 0x000000070dc00000| Untracked 
|  95|0x000000070de00000, 0x000000070de00000, 0x000000070e000000|  0%| F|  |TAMS 0x000000070de00000, 0x000000070de00000| Untracked 
|  96|0x000000070e000000, 0x000000070e000000, 0x000000070e200000|  0%| F|  |TAMS 0x000000070e000000, 0x000000070e000000| Untracked 
|  97|0x000000070e200000, 0x000000070e200000, 0x000000070e400000|  0%| F|  |TAMS 0x000000070e200000, 0x000000070e200000| Untracked 
|  98|0x000000070e400000, 0x000000070e400000, 0x000000070e600000|  0%| F|  |TAMS 0x000000070e400000, 0x000000070e400000| Untracked 
|  99|0x000000070e600000, 0x000000070e600000, 0x000000070e800000|  0%| F|  |TAMS 0x000000070e600000, 0x000000070e600000| Untracked 
| 100|0x000000070e800000, 0x000000070e800000, 0x000000070ea00000|  0%| F|  |TAMS 0x000000070e800000, 0x000000070e800000| Untracked 
| 101|0x000000070ea00000, 0x000000070ea00000, 0x000000070ec00000|  0%| F|  |TAMS 0x000000070ea00000, 0x000000070ea00000| Untracked 
| 102|0x000000070ec00000, 0x000000070ec00000, 0x000000070ee00000|  0%| F|  |TAMS 0x000000070ec00000, 0x000000070ec00000| Untracked 
| 103|0x000000070ee00000, 0x000000070ee00000, 0x000000070f000000|  0%| F|  |TAMS 0x000000070ee00000, 0x000000070ee00000| Untracked 
| 104|0x000000070f000000, 0x000000070f000000, 0x000000070f200000|  0%| F|  |TAMS 0x000000070f000000, 0x000000070f000000| Untracked 
| 105|0x000000070f200000, 0x000000070f200000, 0x000000070f400000|  0%| F|  |TAMS 0x000000070f200000, 0x000000070f200000| Untracked 
| 106|0x000000070f400000, 0x000000070f400000, 0x000000070f600000|  0%| F|  |TAMS 0x000000070f400000, 0x000000070f400000| Untracked 
| 107|0x000000070f600000, 0x000000070f600000, 0x000000070f800000|  0%| F|  |TAMS 0x000000070f600000, 0x000000070f600000| Untracked 
| 108|0x000000070f800000, 0x000000070f800000, 0x000000070fa00000|  0%| F|  |TAMS 0x000000070f800000, 0x000000070f800000| Untracked 
| 109|0x000000070fa00000, 0x000000070fa00000, 0x000000070fc00000|  0%| F|  |TAMS 0x000000070fa00000, 0x000000070fa00000| Untracked 
| 110|0x000000070fc00000, 0x000000070fc00000, 0x000000070fe00000|  0%| F|  |TAMS 0x000000070fc00000, 0x000000070fc00000| Untracked 
| 111|0x000000070fe00000, 0x000000070fe00000, 0x0000000710000000|  0%| F|  |TAMS 0x000000070fe00000, 0x000000070fe00000| Untracked 
| 112|0x0000000710000000, 0x0000000710000000, 0x0000000710200000|  0%| F|  |TAMS 0x0000000710000000, 0x0000000710000000| Untracked 
| 113|0x0000000710200000, 0x0000000710200000, 0x0000000710400000|  0%| F|  |TAMS 0x0000000710200000, 0x0000000710200000| Untracked 
| 114|0x0000000710400000, 0x0000000710400000, 0x0000000710600000|  0%| F|  |TAMS 0x0000000710400000, 0x0000000710400000| Untracked 
| 115|0x0000000710600000, 0x0000000710600000, 0x0000000710800000|  0%| F|  |TAMS 0x0000000710600000, 0x0000000710600000| Untracked 
| 116|0x0000000710800000, 0x0000000710800000, 0x0000000710a00000|  0%| F|  |TAMS 0x0000000710800000, 0x0000000710800000| Untracked 
| 117|0x0000000710a00000, 0x0000000710a00000, 0x0000000710c00000|  0%| F|  |TAMS 0x0000000710a00000, 0x0000000710a00000| Untracked 
| 118|0x0000000710c00000, 0x0000000710c00000, 0x0000000710e00000|  0%| F|  |TAMS 0x0000000710c00000, 0x0000000710c00000| Untracked 
| 119|0x0000000710e00000, 0x0000000710e00000, 0x0000000711000000|  0%| F|  |TAMS 0x0000000710e00000, 0x0000000710e00000| Untracked 
| 120|0x0000000711000000, 0x0000000711000000, 0x0000000711200000|  0%| F|  |TAMS 0x0000000711000000, 0x0000000711000000| Untracked 
| 121|0x0000000711200000, 0x0000000711200000, 0x0000000711400000|  0%| F|  |TAMS 0x0000000711200000, 0x0000000711200000| Untracked 
| 122|0x0000000711400000, 0x0000000711400000, 0x0000000711600000|  0%| F|  |TAMS 0x0000000711400000, 0x0000000711400000| Untracked 
| 123|0x0000000711600000, 0x0000000711600000, 0x0000000711800000|  0%| F|  |TAMS 0x0000000711600000, 0x0000000711600000| Untracked 
| 124|0x0000000711800000, 0x0000000711800000, 0x0000000711a00000|  0%| F|  |TAMS 0x0000000711800000, 0x0000000711800000| Untracked 
| 125|0x0000000711a00000, 0x0000000711a00000, 0x0000000711c00000|  0%| F|  |TAMS 0x0000000711a00000, 0x0000000711a00000| Untracked 
| 126|0x0000000711c00000, 0x0000000711c00000, 0x0000000711e00000|  0%| F|  |TAMS 0x0000000711c00000, 0x0000000711c00000| Untracked 
| 127|0x0000000711e00000, 0x0000000711e00000, 0x0000000712000000|  0%| F|  |TAMS 0x0000000711e00000, 0x0000000711e00000| Untracked 
| 128|0x0000000712000000, 0x00000007121227e8, 0x0000000712200000| 56%| E|  |TAMS 0x0000000712000000, 0x0000000712000000| Complete 
| 129|0x0000000712200000, 0x0000000712400000, 0x0000000712400000|100%| E|CS|TAMS 0x0000000712200000, 0x0000000712200000| Complete 
| 130|0x0000000712400000, 0x0000000712600000, 0x0000000712600000|100%| E|CS|TAMS 0x0000000712400000, 0x0000000712400000| Complete 
| 131|0x0000000712600000, 0x0000000712800000, 0x0000000712800000|100%| E|CS|TAMS 0x0000000712600000, 0x0000000712600000| Complete 
| 132|0x0000000712800000, 0x0000000712a00000, 0x0000000712a00000|100%| E|CS|TAMS 0x0000000712800000, 0x0000000712800000| Complete 
| 133|0x0000000712a00000, 0x0000000712c00000, 0x0000000712c00000|100%| E|CS|TAMS 0x0000000712a00000, 0x0000000712a00000| Complete 
| 134|0x0000000712c00000, 0x0000000712e00000, 0x0000000712e00000|100%| E|CS|TAMS 0x0000000712c00000, 0x0000000712c00000| Complete 
| 135|0x0000000712e00000, 0x0000000713000000, 0x0000000713000000|100%| E|CS|TAMS 0x0000000712e00000, 0x0000000712e00000| Complete 
| 136|0x0000000713000000, 0x0000000713200000, 0x0000000713200000|100%| E|CS|TAMS 0x0000000713000000, 0x0000000713000000| Complete 
| 137|0x0000000713200000, 0x0000000713400000, 0x0000000713400000|100%| E|CS|TAMS 0x0000000713200000, 0x0000000713200000| Complete 
| 138|0x0000000713400000, 0x0000000713600000, 0x0000000713600000|100%| E|CS|TAMS 0x0000000713400000, 0x0000000713400000| Complete 
| 139|0x0000000713600000, 0x0000000713800000, 0x0000000713800000|100%| E|CS|TAMS 0x0000000713600000, 0x0000000713600000| Complete 
| 140|0x0000000713800000, 0x0000000713a00000, 0x0000000713a00000|100%| E|CS|TAMS 0x0000000713800000, 0x0000000713800000| Complete 
| 141|0x0000000713a00000, 0x0000000713c00000, 0x0000000713c00000|100%| E|CS|TAMS 0x0000000713a00000, 0x0000000713a00000| Complete 
| 142|0x0000000713c00000, 0x0000000713e00000, 0x0000000713e00000|100%| E|CS|TAMS 0x0000000713c00000, 0x0000000713c00000| Complete 
| 143|0x0000000713e00000, 0x0000000714000000, 0x0000000714000000|100%| E|CS|TAMS 0x0000000713e00000, 0x0000000713e00000| Complete 
| 144|0x0000000714000000, 0x0000000714200000, 0x0000000714200000|100%| E|CS|TAMS 0x0000000714000000, 0x0000000714000000| Complete 
| 145|0x0000000714200000, 0x0000000714400000, 0x0000000714400000|100%| E|CS|TAMS 0x0000000714200000, 0x0000000714200000| Complete 
| 146|0x0000000714400000, 0x0000000714600000, 0x0000000714600000|100%| E|CS|TAMS 0x0000000714400000, 0x0000000714400000| Complete 
| 147|0x0000000714600000, 0x0000000714800000, 0x0000000714800000|100%| E|CS|TAMS 0x0000000714600000, 0x0000000714600000| Complete 
| 148|0x0000000714800000, 0x0000000714a00000, 0x0000000714a00000|100%| E|CS|TAMS 0x0000000714800000, 0x0000000714800000| Complete 
| 149|0x0000000714a00000, 0x0000000714c00000, 0x0000000714c00000|100%| E|CS|TAMS 0x0000000714a00000, 0x0000000714a00000| Complete 
| 150|0x0000000714c00000, 0x0000000714e00000, 0x0000000714e00000|100%| E|  |TAMS 0x0000000714c00000, 0x0000000714c00000| Complete 
| 151|0x0000000714e00000, 0x0000000715000000, 0x0000000715000000|100%| E|CS|TAMS 0x0000000714e00000, 0x0000000714e00000| Complete 
| 152|0x0000000715000000, 0x0000000715200000, 0x0000000715200000|100%| E|CS|TAMS 0x0000000715000000, 0x0000000715000000| Complete 
| 153|0x0000000715200000, 0x0000000715400000, 0x0000000715400000|100%| E|CS|TAMS 0x0000000715200000, 0x0000000715200000| Complete 
| 154|0x0000000715400000, 0x0000000715600000, 0x0000000715600000|100%| E|CS|TAMS 0x0000000715400000, 0x0000000715400000| Complete 
| 155|0x0000000715600000, 0x0000000715800000, 0x0000000715800000|100%| E|CS|TAMS 0x0000000715600000, 0x0000000715600000| Complete 
| 156|0x0000000715800000, 0x0000000715a00000, 0x0000000715a00000|100%| E|CS|TAMS 0x0000000715800000, 0x0000000715800000| Complete 
| 157|0x0000000715a00000, 0x0000000715c00000, 0x0000000715c00000|100%| E|CS|TAMS 0x0000000715a00000, 0x0000000715a00000| Complete 
| 158|0x0000000715c00000, 0x0000000715e00000, 0x0000000715e00000|100%| E|CS|TAMS 0x0000000715c00000, 0x0000000715c00000| Complete 
| 159|0x0000000715e00000, 0x0000000716000000, 0x0000000716000000|100%| E|CS|TAMS 0x0000000715e00000, 0x0000000715e00000| Complete 
| 160|0x0000000716000000, 0x0000000716200000, 0x0000000716200000|100%| E|CS|TAMS 0x0000000716000000, 0x0000000716000000| Complete 
| 161|0x0000000716200000, 0x0000000716400000, 0x0000000716400000|100%| E|CS|TAMS 0x0000000716200000, 0x0000000716200000| Complete 
| 162|0x0000000716400000, 0x0000000716600000, 0x0000000716600000|100%| E|CS|TAMS 0x0000000716400000, 0x0000000716400000| Complete 
| 163|0x0000000716600000, 0x0000000716800000, 0x0000000716800000|100%| E|CS|TAMS 0x0000000716600000, 0x0000000716600000| Complete 
| 164|0x0000000716800000, 0x0000000716a00000, 0x0000000716a00000|100%| E|CS|TAMS 0x0000000716800000, 0x0000000716800000| Complete 
| 165|0x0000000716a00000, 0x0000000716c00000, 0x0000000716c00000|100%| E|CS|TAMS 0x0000000716a00000, 0x0000000716a00000| Complete 
| 166|0x0000000716c00000, 0x0000000716e00000, 0x0000000716e00000|100%| E|CS|TAMS 0x0000000716c00000, 0x0000000716c00000| Complete 
| 167|0x0000000716e00000, 0x0000000717000000, 0x0000000717000000|100%| E|CS|TAMS 0x0000000716e00000, 0x0000000716e00000| Complete 
| 168|0x0000000717000000, 0x0000000717200000, 0x0000000717200000|100%| E|CS|TAMS 0x0000000717000000, 0x0000000717000000| Complete 
| 169|0x0000000717200000, 0x0000000717400000, 0x0000000717400000|100%| E|CS|TAMS 0x0000000717200000, 0x0000000717200000| Complete 
| 170|0x0000000717400000, 0x0000000717600000, 0x0000000717600000|100%| E|CS|TAMS 0x0000000717400000, 0x0000000717400000| Complete 
| 171|0x0000000717600000, 0x0000000717800000, 0x0000000717800000|100%| E|CS|TAMS 0x0000000717600000, 0x0000000717600000| Complete 
| 172|0x0000000717800000, 0x0000000717a00000, 0x0000000717a00000|100%| E|CS|TAMS 0x0000000717800000, 0x0000000717800000| Complete 
| 173|0x0000000717a00000, 0x0000000717c00000, 0x0000000717c00000|100%| E|CS|TAMS 0x0000000717a00000, 0x0000000717a00000| Complete 
| 174|0x0000000717c00000, 0x0000000717e00000, 0x0000000717e00000|100%| E|CS|TAMS 0x0000000717c00000, 0x0000000717c00000| Complete 
| 175|0x0000000717e00000, 0x0000000718000000, 0x0000000718000000|100%| E|CS|TAMS 0x0000000717e00000, 0x0000000717e00000| Complete 
| 176|0x0000000718000000, 0x0000000718200000, 0x0000000718200000|100%| E|CS|TAMS 0x0000000718000000, 0x0000000718000000| Complete 
| 177|0x0000000718200000, 0x0000000718400000, 0x0000000718400000|100%| E|CS|TAMS 0x0000000718200000, 0x0000000718200000| Complete 
| 178|0x0000000718400000, 0x0000000718600000, 0x0000000718600000|100%| E|CS|TAMS 0x0000000718400000, 0x0000000718400000| Complete 
| 179|0x0000000718600000, 0x0000000718800000, 0x0000000718800000|100%| E|CS|TAMS 0x0000000718600000, 0x0000000718600000| Complete 
| 180|0x0000000718800000, 0x0000000718a00000, 0x0000000718a00000|100%| E|CS|TAMS 0x0000000718800000, 0x0000000718800000| Complete 
| 181|0x0000000718a00000, 0x0000000718c00000, 0x0000000718c00000|100%| E|CS|TAMS 0x0000000718a00000, 0x0000000718a00000| Complete 
| 182|0x0000000718c00000, 0x0000000718e00000, 0x0000000718e00000|100%| E|CS|TAMS 0x0000000718c00000, 0x0000000718c00000| Complete 
| 183|0x0000000718e00000, 0x0000000719000000, 0x0000000719000000|100%| E|CS|TAMS 0x0000000718e00000, 0x0000000718e00000| Complete 
| 184|0x0000000719000000, 0x0000000719200000, 0x0000000719200000|100%| E|CS|TAMS 0x0000000719000000, 0x0000000719000000| Complete 
| 185|0x0000000719200000, 0x0000000719400000, 0x0000000719400000|100%| E|CS|TAMS 0x0000000719200000, 0x0000000719200000| Complete 
| 186|0x0000000719400000, 0x0000000719600000, 0x0000000719600000|100%| E|CS|TAMS 0x0000000719400000, 0x0000000719400000| Complete 

Card table byte_map: [0x000002ae67920000,0x000002ae68110000] _byte_map_base: 0x000002ae64110000

Marking Bits (Prev, Next): (CMBitMap*) 0x000002ae4ff203e0, (CMBitMap*) 0x000002ae4ff203a0
 Prev Bits: [0x000002ae6c880000, 0x000002ae70800000)
 Next Bits: [0x000002ae68900000, 0x000002ae6c880000)

Polling page: 0x000002ae4de20000

Metaspace:

Usage:
  Non-class:     72.67 MB used.
      Class:      9.70 MB used.
       Both:     82.37 MB used.

Virtual space:
  Non-class space:      128.00 MB reserved,      73.12 MB ( 57%) committed,  2 nodes.
      Class space:        1.00 GB reserved,      10.06 MB ( <1%) committed,  1 nodes.
             Both:        1.12 GB reserved,      83.19 MB (  7%) committed. 

Chunk freelists:
   Non-Class:  2.79 MB
       Class:  1.89 MB
        Both:  4.68 MB

MaxMetaspaceSize: unlimited
CompressedClassSpaceSize: 1.00 GB
Initial GC threshold: 21.00 MB
Current GC threshold: 138.69 MB
CDS: on
MetaspaceReclaimPolicy: balanced
 - commit_granule_bytes: 65536.
 - commit_granule_words: 8192.
 - virtual_space_node_default_size: 8388608.
 - enlarge_chunks_in_place: 1.
 - new_chunks_are_fully_committed: 0.
 - uncommit_free_chunks: 1.
 - use_allocation_guard: 0.


Internal statistics:

num_allocs_failed_limit: 9.
num_arena_births: 1456.
num_arena_deaths: 200.
num_vsnodes_births: 3.
num_vsnodes_deaths: 0.
num_space_committed: 1331.
num_space_uncommitted: 0.
num_chunks_returned_to_freelist: 309.
num_chunks_taken_from_freelist: 5142.
num_chunk_merges: 69.
num_chunk_splits: 3310.
num_chunks_enlarged: 2380.
num_inconsistent_stats: 0.

CodeHeap 'non-profiled nmethods': size=120000Kb used=11351Kb max_used=11351Kb free=108648Kb
 bounds [0x000002ae5f8d0000, 0x000002ae603f0000, 0x000002ae66e00000]
CodeHeap 'profiled nmethods': size=120000Kb used=23575Kb max_used=25051Kb free=96424Kb
 bounds [0x000002ae57e00000, 0x000002ae59690000, 0x000002ae5f330000]
CodeHeap 'non-nmethods': size=5760Kb used=1495Kb max_used=1634Kb free=4264Kb
 bounds [0x000002ae5f330000, 0x000002ae5f5a0000, 0x000002ae5f8d0000]
 total_blobs=12056 nmethods=11376 adapters=589
 compilation: enabled
              stopped_count=0, restarted_count=0
 full_count=0

Compilation events (20 events):
Event: 833.869 Thread 0x000002ae7324f520 14214       3       java.util.logging.Logger::getUseParentHandlers (8 bytes)
Event: 833.869 Thread 0x000002ae7324f520 nmethod 14214 0x000002ae58986090 code [0x000002ae58986220, 0x000002ae58986338]
Event: 833.870 Thread 0x000002ae7324f520 14215       3       org.springframework.web.context.request.ServletRequestAttributes::<init> (28 bytes)
Event: 833.870 Thread 0x000002ae7324f520 nmethod 14215 0x000002ae58792590 code [0x000002ae587927e0, 0x000002ae58792f28]
Event: 833.870 Thread 0x000002ae7324f520 14216       3       org.springframework.web.context.request.AbstractRequestAttributes::<init> (23 bytes)
Event: 833.871 Thread 0x000002ae7324f520 nmethod 14216 0x000002ae5870f010 code [0x000002ae5870f200, 0x000002ae5870f568]
Event: 833.871 Thread 0x000002ae7324f520 14217       1       org.apache.catalina.core.ApplicationMapping$MappingImpl::getMappingMatch (5 bytes)
Event: 833.871 Thread 0x000002ae7324cac0 14218   !   4       jdk.proxy2.$Proxy12::value (29 bytes)
Event: 833.871 Thread 0x000002ae7324f520 nmethod 14217 0x000002ae603e3f90 code [0x000002ae603e4120, 0x000002ae603e41f8]
Event: 833.874 Thread 0x000002ae7324cac0 nmethod 14218 0x000002ae603e4290 code [0x000002ae603e4460, 0x000002ae603e46d8]
Event: 840.449 Thread 0x000002ae7324f520 14219       1       org.apache.catalina.core.ApplicationFilterConfig::getFilterDef (5 bytes)
Event: 840.449 Thread 0x000002ae7324f520 nmethod 14219 0x000002ae603e4990 code [0x000002ae603e4b20, 0x000002ae603e4bf8]
Event: 840.449 Thread 0x000002ae7324f520 14220       1       org.apache.tomcat.util.descriptor.web.FilterDef::getAsyncSupported (5 bytes)
Event: 840.449 Thread 0x000002ae7324f520 nmethod 14220 0x000002ae603e4c90 code [0x000002ae603e4e20, 0x000002ae603e4ef8]
Event: 840.449 Thread 0x000002ae7324cac0 14221       4       org.springframework.web.cors.CorsUtils::isPreFlightRequest (43 bytes)
Event: 840.449 Thread 0x000002ae7324f520 14222       1       org.springframework.security.web.util.matcher.RequestMatcherEntry::getRequestMatcher (5 bytes)
Event: 840.449 Thread 0x000002ae7324f520 nmethod 14222 0x000002ae603e4f90 code [0x000002ae603e5120, 0x000002ae603e51f8]
Event: 840.449 Thread 0x000002ae7324f520 14223       1       org.springframework.web.context.request.ServletRequestAttributes::getRequest (5 bytes)
Event: 840.449 Thread 0x000002ae7324f520 nmethod 14223 0x000002ae603e5290 code [0x000002ae603e5420, 0x000002ae603e54f8]
Event: 840.451 Thread 0x000002ae7324cac0 nmethod 14221 0x000002ae603e5590 code [0x000002ae603e5740, 0x000002ae603e5ab8]

GC Heap History (20 events):
Event: 821.112 GC heap before
{Heap before GC invocations=99 (full 7):
 garbage-first heap   total 131072K, used 89073K [0x0000000702000000, 0x0000000800000000)
  region size 2048K, 26 young (53248K), 3 survivors (6144K)
 Metaspace       used 82813K, committed 83648K, reserved 1179648K
  class space    used 9834K, committed 10240K, reserved 1048576K
}
Event: 821.117 GC heap after
{Heap after GC invocations=100 (full 7):
 garbage-first heap   total 131072K, used 45153K [0x0000000702000000, 0x0000000800000000)
  region size 2048K, 3 young (6144K), 3 survivors (6144K)
 Metaspace       used 82813K, committed 83648K, reserved 1179648K
  class space    used 9834K, committed 10240K, reserved 1048576K
}
Event: 821.121 GC heap before
{Heap before GC invocations=100 (full 7):
 garbage-first heap   total 131072K, used 47201K [0x0000000702000000, 0x0000000800000000)
  region size 2048K, 4 young (8192K), 3 survivors (6144K)
 Metaspace       used 82813K, committed 83648K, reserved 1179648K
  class space    used 9834K, committed 10240K, reserved 1048576K
}
Event: 821.125 GC heap after
{Heap after GC invocations=101 (full 7):
 garbage-first heap   total 131072K, used 45873K [0x0000000702000000, 0x0000000800000000)
  region size 2048K, 1 young (2048K), 1 survivors (2048K)
 Metaspace       used 82813K, committed 83648K, reserved 1179648K
  class space    used 9834K, committed 10240K, reserved 1048576K
}
Event: 821.214 GC heap before
{Heap before GC invocations=101 (full 7):
 garbage-first heap   total 131072K, used 92977K [0x0000000702000000, 0x0000000800000000)
  region size 2048K, 25 young (51200K), 1 survivors (2048K)
 Metaspace       used 82815K, committed 83648K, reserved 1179648K
  class space    used 9834K, committed 10240K, reserved 1048576K
}
Event: 821.224 GC heap after
{Heap after GC invocations=102 (full 7):
 garbage-first heap   total 393216K, used 58717K [0x0000000702000000, 0x0000000800000000)
  region size 2048K, 4 young (8192K), 4 survivors (8192K)
 Metaspace       used 82815K, committed 83648K, reserved 1179648K
  class space    used 9834K, committed 10240K, reserved 1048576K
}
Event: 825.036 GC heap before
{Heap before GC invocations=103 (full 7):
 garbage-first heap   total 327680K, used 111965K [0x0000000702000000, 0x0000000800000000)
  region size 2048K, 32 young (65536K), 4 survivors (8192K)
 Metaspace       used 82891K, committed 83712K, reserved 1179648K
  class space    used 9837K, committed 10240K, reserved 1048576K
}
Event: 825.087 GC heap after
{Heap after GC invocations=104 (full 8):
 garbage-first heap   total 131072K, used 31401K [0x0000000702000000, 0x0000000800000000)
  region size 2048K, 0 young (0K), 0 survivors (0K)
 Metaspace       used 82869K, committed 83712K, reserved 1179648K
  class space    used 9833K, committed 10240K, reserved 1048576K
}
Event: 826.839 GC heap before
{Heap before GC invocations=104 (full 8):
 garbage-first heap   total 131072K, used 84649K [0x0000000702000000, 0x0000000800000000)
  region size 2048K, 26 young (53248K), 0 survivors (0K)
 Metaspace       used 83312K, committed 84160K, reserved 1179648K
  class space    used 9871K, committed 10240K, reserved 1048576K
}
Event: 826.843 GC heap after
{Heap after GC invocations=105 (full 8):
 garbage-first heap   total 131072K, used 36356K [0x0000000702000000, 0x0000000800000000)
  region size 2048K, 3 young (6144K), 3 survivors (6144K)
 Metaspace       used 83312K, committed 84160K, reserved 1179648K
  class space    used 9871K, committed 10240K, reserved 1048576K
}
Event: 827.046 GC heap before
{Heap before GC invocations=106 (full 8):
 garbage-first heap   total 131072K, used 85508K [0x0000000702000000, 0x0000000800000000)
  region size 2048K, 27 young (55296K), 3 survivors (6144K)
 Metaspace       used 83960K, committed 84864K, reserved 1179648K
  class space    used 9913K, committed 10304K, reserved 1048576K
}
Event: 827.050 GC heap after
{Heap after GC invocations=107 (full 8):
 garbage-first heap   total 131072K, used 38291K [0x0000000702000000, 0x0000000800000000)
  region size 2048K, 2 young (4096K), 2 survivors (4096K)
 Metaspace       used 83960K, committed 84864K, reserved 1179648K
  class space    used 9913K, committed 10304K, reserved 1048576K
}
Event: 827.052 GC heap before
{Heap before GC invocations=107 (full 8):
 garbage-first heap   total 131072K, used 40339K [0x0000000702000000, 0x0000000800000000)
  region size 2048K, 3 young (6144K), 2 survivors (4096K)
 Metaspace       used 83960K, committed 84864K, reserved 1179648K
  class space    used 9913K, committed 10304K, reserved 1048576K
}
Event: 827.055 GC heap after
{Heap after GC invocations=108 (full 8):
 garbage-first heap   total 131072K, used 37882K [0x0000000702000000, 0x0000000800000000)
  region size 2048K, 1 young (2048K), 1 survivors (2048K)
 Metaspace       used 83960K, committed 84864K, reserved 1179648K
  class space    used 9913K, committed 10304K, reserved 1048576K
}
Event: 827.218 GC heap before
{Heap before GC invocations=108 (full 8):
 garbage-first heap   total 131072K, used 87034K [0x0000000702000000, 0x0000000800000000)
  region size 2048K, 26 young (53248K), 1 survivors (2048K)
 Metaspace       used 84309K, committed 85184K, reserved 1179648K
  class space    used 9932K, committed 10304K, reserved 1048576K
}
Event: 827.225 GC heap after
{Heap after GC invocations=109 (full 8):
 garbage-first heap   total 131072K, used 44184K [0x0000000702000000, 0x0000000800000000)
  region size 2048K, 4 young (8192K), 4 survivors (8192K)
 Metaspace       used 84309K, committed 85184K, reserved 1179648K
  class space    used 9932K, committed 10304K, reserved 1048576K
}
Event: 827.376 GC heap before
{Heap before GC invocations=110 (full 8):
 garbage-first heap   total 133120K, used 87192K [0x0000000702000000, 0x0000000800000000)
  region size 2048K, 26 young (53248K), 4 survivors (8192K)
 Metaspace       used 84292K, committed 85184K, reserved 1179648K
  class space    used 9929K, committed 10304K, reserved 1048576K
}
Event: 827.382 GC heap after
{Heap after GC invocations=111 (full 8):
 garbage-first heap   total 133120K, used 44434K [0x0000000702000000, 0x0000000800000000)
  region size 2048K, 3 young (6144K), 3 survivors (6144K)
 Metaspace       used 84292K, committed 85184K, reserved 1179648K
  class space    used 9929K, committed 10304K, reserved 1048576K
}
Event: 827.385 GC heap before
{Heap before GC invocations=111 (full 8):
 garbage-first heap   total 133120K, used 46482K [0x0000000702000000, 0x0000000800000000)
  region size 2048K, 4 young (8192K), 3 survivors (6144K)
 Metaspace       used 84292K, committed 85184K, reserved 1179648K
  class space    used 9929K, committed 10304K, reserved 1048576K
}
Event: 827.390 GC heap after
{Heap after GC invocations=112 (full 8):
 garbage-first heap   total 382976K, used 45421K [0x0000000702000000, 0x0000000800000000)
  region size 2048K, 1 young (2048K), 1 survivors (2048K)
 Metaspace       used 84292K, committed 85184K, reserved 1179648K
  class space    used 9929K, committed 10304K, reserved 1048576K
}

Dll operation events (13 events):
Event: 0.027 Loaded shared library C:\Program Files\Java\jdk-19\bin\java.dll
Event: 0.035 Loaded shared library C:\Program Files\Java\jdk-19\bin\jsvml.dll
Event: 0.336 Loaded shared library C:\Program Files\Java\jdk-19\bin\zip.dll
Event: 0.338 Loaded shared library C:\Program Files\Java\jdk-19\bin\instrument.dll
Event: 0.342 Loaded shared library C:\Program Files\Java\jdk-19\bin\net.dll
Event: 0.343 Loaded shared library C:\Program Files\Java\jdk-19\bin\nio.dll
Event: 0.345 Loaded shared library C:\Program Files\Java\jdk-19\bin\zip.dll
Event: 0.474 Loaded shared library C:\Program Files\Java\jdk-19\bin\jimage.dll
Event: 0.725 Loaded shared library C:\Program Files\Java\jdk-19\bin\management.dll
Event: 0.727 Loaded shared library C:\Program Files\Java\jdk-19\bin\management_ext.dll
Event: 1.126 Loaded shared library C:\Program Files\Java\jdk-19\bin\verify.dll
Event: 3.172 Loaded shared library C:\Program Files\Java\jdk-19\bin\sunmscapi.dll
Event: 3.577 Loaded shared library C:\Program Files\Java\jdk-19\bin\extnet.dll

Deoptimization events (20 events):
Event: 827.674 Thread 0x000002ae78185fc0 DEOPT PACKING pc=0x000002ae600b0724 sp=0x000000f68dafec50
Event: 827.674 Thread 0x000002ae78185fc0 DEOPT UNPACKING pc=0x000002ae5f396da3 sp=0x000000f68dafec60 mode 2
Event: 827.674 Thread 0x000002ae78185fc0 Uncommon trap: trap_request=0xffffff97 fr.pc=0x000002ae600b0724 relative=0x0000000000000b04
Event: 827.674 Thread 0x000002ae78185fc0 Uncommon trap: reason=unhandled action=none pc=0x000002ae600b0724 method=java.lang.Class.getDeclaredMethod(Ljava/lang/String;[Ljava/lang/Class;)Ljava/lang/reflect/Method; @ 53 c2
Event: 827.674 Thread 0x000002ae78185fc0 DEOPT PACKING pc=0x000002ae600b0724 sp=0x000000f68dafebe0
Event: 827.674 Thread 0x000002ae78185fc0 DEOPT UNPACKING pc=0x000002ae5f396da3 sp=0x000000f68dafebf0 mode 2
Event: 827.674 Thread 0x000002ae78185fc0 Uncommon trap: trap_request=0xffffff97 fr.pc=0x000002ae600b0724 relative=0x0000000000000b04
Event: 827.674 Thread 0x000002ae78185fc0 Uncommon trap: reason=unhandled action=none pc=0x000002ae600b0724 method=java.lang.Class.getDeclaredMethod(Ljava/lang/String;[Ljava/lang/Class;)Ljava/lang/reflect/Method; @ 53 c2
Event: 827.674 Thread 0x000002ae78185fc0 DEOPT PACKING pc=0x000002ae600b0724 sp=0x000000f68dafeb70
Event: 827.674 Thread 0x000002ae78185fc0 DEOPT UNPACKING pc=0x000002ae5f396da3 sp=0x000000f68dafeb80 mode 2
Event: 833.872 Thread 0x000002ae78182550 Uncommon trap: trap_request=0xffffff97 fr.pc=0x000002ae60142704 relative=0x00000000000016c4
Event: 833.872 Thread 0x000002ae78182550 Uncommon trap: reason=unhandled action=none pc=0x000002ae60142704 method=java.net.URLClassLoader.findClass(Ljava/lang/String;)Ljava/lang/Class; @ 44 c2
Event: 833.872 Thread 0x000002ae78182550 DEOPT PACKING pc=0x000002ae60142704 sp=0x000000f6900fad00
Event: 833.872 Thread 0x000002ae78182550 DEOPT UNPACKING pc=0x000002ae5f396da3 sp=0x000000f6900facb0 mode 2
Event: 833.872 Thread 0x000002ae78182550 DEOPT PACKING pc=0x000002ae60157b20 sp=0x000000f6900fade0
Event: 833.872 Thread 0x000002ae78182550 DEOPT UNPACKING pc=0x000002ae5f397543 sp=0x000000f6900fa2a0 mode 1
Event: 863.309 Thread 0x000002ae78182550 DEOPT PACKING pc=0x000002ae59442edc sp=0x000000f6900fb3e0
Event: 863.309 Thread 0x000002ae78182550 DEOPT UNPACKING pc=0x000002ae5f397543 sp=0x000000f6900fa888 mode 0
Event: 863.313 Thread 0x000002ae78182000 DEOPT PACKING pc=0x000002ae59442edc sp=0x000000f6901fafa0
Event: 863.313 Thread 0x000002ae78182000 DEOPT UNPACKING pc=0x000002ae5f397543 sp=0x000000f6901fa448 mode 0

Classes loaded (20 events):
Event: 48.436 Loading class java/util/stream/LongStream
Event: 48.436 Loading class java/util/stream/LongStream done
Event: 48.436 Loading class java/util/stream/DoubleStream
Event: 48.436 Loading class java/util/stream/DoubleStream done
Event: 131.265 Loading class java/util/Collections$ReverseComparator
Event: 131.265 Loading class java/util/Collections$ReverseComparator done
Event: 131.288 Loading class java/util/concurrent/locks/AbstractQueuedSynchronizer$SharedNode
Event: 131.288 Loading class java/util/concurrent/locks/AbstractQueuedSynchronizer$SharedNode done
Event: 131.294 Loading class javax/management/ObjectName$PatternProperty
Event: 131.295 Loading class javax/management/ObjectName$PatternProperty done
Event: 131.296 Loading class java/util/concurrent/atomic/Striped64$Cell
Event: 131.297 Loading class java/util/concurrent/atomic/Striped64$Cell done
Event: 131.303 Loading class java/util/AbstractMap$2
Event: 131.303 Loading class java/util/AbstractMap$2 done
Event: 131.308 Loading class java/util/AbstractMap$2$1
Event: 131.308 Loading class java/util/AbstractMap$2$1 done
Event: 131.414 Loading class java/lang/ref/Finalizer$2
Event: 131.415 Loading class java/lang/ref/Finalizer$2 done
Event: 131.417 Loading class java/lang/ref/Finalizer$1
Event: 131.418 Loading class java/lang/ref/Finalizer$1 done

Classes unloaded (20 events):
Event: 819.820 Thread 0x000002ae7321d8f0 Unloading class 0x00000008019e1800 'jdk/internal/reflect/GeneratedSerializationConstructorAccessor73'
Event: 819.820 Thread 0x000002ae7321d8f0 Unloading class 0x00000008019e1400 'jdk/internal/reflect/GeneratedSerializationConstructorAccessor72'
Event: 819.820 Thread 0x000002ae7321d8f0 Unloading class 0x00000008019c8c00 'org/apache/catalina/loader/JdbcLeakPrevention'
Event: 821.043 Thread 0x000002ae7321d8f0 Unloading class 0x00000008019f9000 'jdk/internal/reflect/GeneratedSerializationConstructorAccessor82'
Event: 821.043 Thread 0x000002ae7321d8f0 Unloading class 0x00000008019f8c00 'jdk/internal/reflect/GeneratedSerializationConstructorAccessor81'
Event: 821.043 Thread 0x000002ae7321d8f0 Unloading class 0x00000008019f8800 'jdk/internal/reflect/GeneratedSerializationConstructorAccessor80'
Event: 821.043 Thread 0x000002ae7321d8f0 Unloading class 0x00000008019f8400 'jdk/internal/reflect/GeneratedSerializationConstructorAccessor79'
Event: 821.043 Thread 0x000002ae7321d8f0 Unloading class 0x00000008019f8000 'jdk/internal/reflect/GeneratedSerializationConstructorAccessor78'
Event: 825.049 Thread 0x000002ae7321d8f0 Unloading class 0x00000008019fac00 'jdk/internal/reflect/GeneratedSerializationConstructorAccessor88'
Event: 825.049 Thread 0x000002ae7321d8f0 Unloading class 0x00000008019fa800 'jdk/internal/reflect/GeneratedSerializationConstructorAccessor87'
Event: 825.049 Thread 0x000002ae7321d8f0 Unloading class 0x00000008019fa400 'jdk/internal/reflect/GeneratedSerializationConstructorAccessor86'
Event: 825.049 Thread 0x000002ae7321d8f0 Unloading class 0x00000008019fa000 'jdk/internal/reflect/GeneratedSerializationConstructorAccessor85'
Event: 825.049 Thread 0x000002ae7321d8f0 Unloading class 0x00000008019f9c00 'jdk/internal/reflect/GeneratedSerializationConstructorAccessor84'
Event: 825.049 Thread 0x000002ae7321d8f0 Unloading class 0x00000008019f9400 'jdk/internal/reflect/GeneratedSerializationConstructorAccessor83'
Event: 825.049 Thread 0x000002ae7321d8f0 Unloading class 0x00000008019e8000 'org/apache/catalina/loader/JdbcLeakPrevention'
Event: 827.317 Thread 0x000002ae7321d8f0 Unloading class 0x0000000801a18000 'jdk/internal/reflect/GeneratedSerializationConstructorAccessor93'
Event: 827.317 Thread 0x000002ae7321d8f0 Unloading class 0x0000000801a14c00 'jdk/internal/reflect/GeneratedSerializationConstructorAccessor92'
Event: 827.317 Thread 0x000002ae7321d8f0 Unloading class 0x0000000801a14800 'jdk/internal/reflect/GeneratedSerializationConstructorAccessor91'
Event: 827.317 Thread 0x000002ae7321d8f0 Unloading class 0x0000000801a14400 'jdk/internal/reflect/GeneratedSerializationConstructorAccessor90'
Event: 827.317 Thread 0x000002ae7321d8f0 Unloading class 0x0000000801a14000 'jdk/internal/reflect/GeneratedSerializationConstructorAccessor89'

Classes redefined (20 events):
Event: 818.507 Thread 0x000002ae7321d8f0 redefined class name=br.com.gerencialnet.controller.ServicoController, count=4
Event: 818.507 Thread 0x000002ae7321d8f0 redefined class name=br.com.gerencialnet.controller.ServicoController, count=6
Event: 818.507 Thread 0x000002ae7321d8f0 redefined class name=br.com.gerencialnet.controller.ServicoController, count=3
Event: 824.100 Thread 0x000002ae7321d8f0 redefined class name=br.com.gerencialnet.controller.ServicoController, count=6
Event: 824.100 Thread 0x000002ae7321d8f0 redefined class name=br.com.gerencialnet.controller.ServicoController, count=8
Event: 824.100 Thread 0x000002ae7321d8f0 redefined class name=br.com.gerencialnet.controller.ServicoController, count=3
Event: 824.100 Thread 0x000002ae7321d8f0 redefined class name=br.com.gerencialnet.controller.ServicoController, count=1
Event: 824.100 Thread 0x000002ae7321d8f0 redefined class name=br.com.gerencialnet.controller.ServicoController, count=2
Event: 824.100 Thread 0x000002ae7321d8f0 redefined class name=br.com.gerencialnet.controller.ServicoController, count=5
Event: 824.100 Thread 0x000002ae7321d8f0 redefined class name=br.com.gerencialnet.controller.ServicoController, count=7
Event: 824.100 Thread 0x000002ae7321d8f0 redefined class name=br.com.gerencialnet.controller.ServicoController, count=4
Event: 863.398 Thread 0x000002ae7321d8f0 redefined class name=br.com.gerencialnet.controller.ServicoController, count=7
Event: 863.398 Thread 0x000002ae7321d8f0 redefined class name=br.com.gerencialnet.controller.ServicoController, count=9
Event: 863.398 Thread 0x000002ae7321d8f0 redefined class name=br.com.gerencialnet.controller.ServicoController, count=4
Event: 863.398 Thread 0x000002ae7321d8f0 redefined class name=br.com.gerencialnet.controller.ServicoController, count=1
Event: 863.399 Thread 0x000002ae7321d8f0 redefined class name=br.com.gerencialnet.controller.ServicoController, count=2
Event: 863.399 Thread 0x000002ae7321d8f0 redefined class name=br.com.gerencialnet.controller.ServicoController, count=3
Event: 863.399 Thread 0x000002ae7321d8f0 redefined class name=br.com.gerencialnet.controller.ServicoController, count=6
Event: 863.399 Thread 0x000002ae7321d8f0 redefined class name=br.com.gerencialnet.controller.ServicoController, count=8
Event: 863.399 Thread 0x000002ae7321d8f0 redefined class name=br.com.gerencialnet.controller.ServicoController, count=5

Internal exceptions (20 events):
Event: 827.532 Thread 0x000002ae78187fa0 Exception <a 'sun/nio/fs/WindowsException'{0x0000000715899cf8}> (0x0000000715899cf8) 
thrown [s\open\src\hotspot\share\prims\jni.cpp, line 517]
Event: 827.532 Thread 0x000002ae78187fa0 Exception <a 'sun/nio/fs/WindowsException'{0x0000000715899f78}> (0x0000000715899f78) 
thrown [s\open\src\hotspot\share\prims\jni.cpp, line 517]
Event: 827.532 Thread 0x000002ae78187fa0 Exception <a 'sun/nio/fs/WindowsException'{0x000000071589a870}> (0x000000071589a870) 
thrown [s\open\src\hotspot\share\prims\jni.cpp, line 517]
Event: 827.533 Thread 0x000002ae78187fa0 Exception <a 'sun/nio/fs/WindowsException'{0x000000071589ab28}> (0x000000071589ab28) 
thrown [s\open\src\hotspot\share\prims\jni.cpp, line 517]
Event: 827.533 Thread 0x000002ae78187fa0 Exception <a 'sun/nio/fs/WindowsException'{0x000000071589b3f8}> (0x000000071589b3f8) 
thrown [s\open\src\hotspot\share\prims\jni.cpp, line 517]
Event: 827.533 Thread 0x000002ae78187fa0 Exception <a 'sun/nio/fs/WindowsException'{0x000000071589b680}> (0x000000071589b680) 
thrown [s\open\src\hotspot\share\prims\jni.cpp, line 517]
Event: 827.533 Thread 0x000002ae78187fa0 Exception <a 'sun/nio/fs/WindowsException'{0x000000071589bf28}> (0x000000071589bf28) 
thrown [s\open\src\hotspot\share\prims\jni.cpp, line 517]
Event: 827.534 Thread 0x000002ae78187fa0 Exception <a 'sun/nio/fs/WindowsException'{0x000000071589c178}> (0x000000071589c178) 
thrown [s\open\src\hotspot\share\prims\jni.cpp, line 517]
Event: 827.534 Thread 0x000002ae78187fa0 Exception <a 'sun/nio/fs/WindowsException'{0x000000071589ca30}> (0x000000071589ca30) 
thrown [s\open\src\hotspot\share\prims\jni.cpp, line 517]
Event: 827.534 Thread 0x000002ae78187fa0 Exception <a 'sun/nio/fs/WindowsException'{0x000000071589cc98}> (0x000000071589cc98) 
thrown [s\open\src\hotspot\share\prims\jni.cpp, line 517]
Event: 827.534 Thread 0x000002ae78187fa0 Exception <a 'sun/nio/fs/WindowsException'{0x000000071589d540}> (0x000000071589d540) 
thrown [s\open\src\hotspot\share\prims\jni.cpp, line 517]
Event: 827.535 Thread 0x000002ae78187fa0 Exception <a 'sun/nio/fs/WindowsException'{0x000000071589d798}> (0x000000071589d798) 
thrown [s\open\src\hotspot\share\prims\jni.cpp, line 517]
Event: 827.535 Thread 0x000002ae78187fa0 Exception <a 'sun/nio/fs/WindowsException'{0x000000071589e050}> (0x000000071589e050) 
thrown [s\open\src\hotspot\share\prims\jni.cpp, line 517]
Event: 827.535 Thread 0x000002ae78187fa0 Exception <a 'sun/nio/fs/WindowsException'{0x000000071589e2b8}> (0x000000071589e2b8) 
thrown [s\open\src\hotspot\share\prims\jni.cpp, line 517]
Event: 827.535 Thread 0x000002ae78187fa0 Exception <a 'sun/nio/fs/WindowsException'{0x000000071589eb88}> (0x000000071589eb88) 
thrown [s\open\src\hotspot\share\prims\jni.cpp, line 517]
Event: 827.536 Thread 0x000002ae78187fa0 Exception <a 'sun/nio/fs/WindowsException'{0x000000071589ee10}> (0x000000071589ee10) 
thrown [s\open\src\hotspot\share\prims\jni.cpp, line 517]
Event: 827.536 Thread 0x000002ae78187fa0 Exception <a 'sun/nio/fs/WindowsException'{0x000000071589f6f8}> (0x000000071589f6f8) 
thrown [s\open\src\hotspot\share\prims\jni.cpp, line 517]
Event: 827.536 Thread 0x000002ae78187fa0 Exception <a 'sun/nio/fs/WindowsException'{0x000000071589f998}> (0x000000071589f998) 
thrown [s\open\src\hotspot\share\prims\jni.cpp, line 517]
Event: 827.536 Thread 0x000002ae78187fa0 Exception <a 'sun/nio/fs/WindowsException'{0x00000007158a0278}> (0x00000007158a0278) 
thrown [s\open\src\hotspot\share\prims\jni.cpp, line 517]
Event: 827.537 Thread 0x000002ae78187fa0 Exception <a 'sun/nio/fs/WindowsException'{0x00000007158a0510}> (0x00000007158a0510) 
thrown [s\open\src\hotspot\share\prims\jni.cpp, line 517]

VM Operations (20 events):
Event: 834.130 Executing VM operation: get/set locals
Event: 834.130 Executing VM operation: get/set locals done
Event: 834.130 Executing VM operation: get/set locals
Event: 834.130 Executing VM operation: get/set locals done
Event: 834.131 Executing VM operation: get/set locals
Event: 834.131 Executing VM operation: get/set locals done
Event: 834.132 Executing VM operation: get/set locals
Event: 834.132 Executing VM operation: get/set locals done
Event: 863.308 Executing VM operation: ChangeSingleStep
Event: 863.308 Executing VM operation: ChangeSingleStep done
Event: 863.309 Executing VM operation: ChangeSingleStep
Event: 863.309 Executing VM operation: ChangeSingleStep done
Event: 863.312 Executing VM operation: ChangeSingleStep
Event: 863.312 Executing VM operation: ChangeSingleStep done
Event: 863.313 Executing VM operation: ChangeSingleStep
Event: 863.313 Executing VM operation: ChangeSingleStep done
Event: 863.347 Executing VM operation: RedefineClasses
Event: 863.483 Executing VM operation: RedefineClasses done
Event: 863.490 Executing VM operation: ChangeSingleStep
Event: 863.490 Executing VM operation: ChangeSingleStep done

Events (20 events):
Event: 827.577 Thread 0x000002ae78187fa0 Thread exited: 0x000002ae78187fa0
Event: 827.577 Thread 0x000002ae78181010 Thread exited: 0x000002ae78181010
Event: 827.577 Thread 0x000002ae7d6e23c0 Thread exited: 0x000002ae7d6e23c0
Event: 827.577 Thread 0x000002ae7d6e5390 Thread exited: 0x000002ae7d6e5390
Event: 827.657 Thread 0x000002ae78182aa0 Thread added: 0x000002ae78182aa0
Event: 827.668 Thread 0x000002ae78182550 Thread added: 0x000002ae78182550
Event: 827.668 Thread 0x000002ae78182000 Thread added: 0x000002ae78182000
Event: 827.668 Thread 0x000002ae78181010 Thread added: 0x000002ae78181010
Event: 827.668 Thread 0x000002ae78187fa0 Thread added: 0x000002ae78187fa0
Event: 827.668 Thread 0x000002ae78186510 Thread added: 0x000002ae78186510
Event: 827.669 Thread 0x000002ae78183540 Thread added: 0x000002ae78183540
Event: 827.669 Thread 0x000002ae78183a90 Thread added: 0x000002ae78183a90
Event: 827.669 Thread 0x000002ae78186a60 Thread added: 0x000002ae78186a60
Event: 827.669 Thread 0x000002ae7d6e1920 Thread added: 0x000002ae7d6e1920
Event: 827.669 Thread 0x000002ae7d6e4e40 Thread added: 0x000002ae7d6e4e40
Event: 827.672 Thread 0x000002ae7d6dfe90 Thread added: 0x000002ae7d6dfe90
Event: 827.672 Thread 0x000002ae7d6e5390 Thread added: 0x000002ae7d6e5390
Event: 827.676 Thread 0x000002ae78185fc0 Thread exited: 0x000002ae78185fc0
Event: 827.676 Thread 0x000002ae78184530 Thread exited: 0x000002ae78184530
Event: 832.709 Thread 0x000002ae78183fe0 Thread exited: 0x000002ae78183fe0


Dynamic libraries:
0x00007ff60ff00000 - 0x00007ff60ff10000 	C:\Program Files\Java\jdk-19\bin\javaw.exe
0x00007ffd2faf0000 - 0x00007ffd2fce8000 	C:\Windows\SYSTEM32\ntdll.dll
0x00007ffd2e1e0000 - 0x00007ffd2e29f000 	C:\Windows\System32\KERNEL32.DLL
0x00007ffd2d520000 - 0x00007ffd2d816000 	C:\Windows\System32\KERNELBASE.dll
0x00007ffd2d8c0000 - 0x00007ffd2d9c0000 	C:\Windows\System32\ucrtbase.dll
0x00007ffd14f20000 - 0x00007ffd14f38000 	C:\Program Files\Java\jdk-19\bin\jli.dll
0x00007ffd15c10000 - 0x00007ffd15c2b000 	C:\Program Files\Java\jdk-19\bin\VCRUNTIME140.dll
0x00007ffd2ec60000 - 0x00007ffd2ed0f000 	C:\Windows\System32\ADVAPI32.dll
0x00007ffd2fa10000 - 0x00007ffd2faae000 	C:\Windows\System32\msvcrt.dll
0x00007ffd2ebc0000 - 0x00007ffd2ec5c000 	C:\Windows\System32\sechost.dll
0x00007ffd2f8e0000 - 0x00007ffd2fa06000 	C:\Windows\System32\RPCRT4.dll
0x00007ffd2eec0000 - 0x00007ffd2f05d000 	C:\Windows\System32\USER32.dll
0x00007ffd2d280000 - 0x00007ffd2d2a2000 	C:\Windows\System32\win32u.dll
0x00007ffd23bb0000 - 0x00007ffd23e4a000 	C:\Windows\WinSxS\amd64_microsoft.windows.common-controls_6595b64144ccf1df_6.0.19041.1110_none_60b5254171f9507e\COMCTL32.dll
0x00007ffd2e380000 - 0x00007ffd2e3ac000 	C:\Windows\System32\GDI32.dll
0x00007ffd2d9c0000 - 0x00007ffd2dad5000 	C:\Windows\System32\gdi32full.dll
0x00007ffd2d820000 - 0x00007ffd2d8bd000 	C:\Windows\System32\msvcp_win.dll
0x00007ffd277e0000 - 0x00007ffd277ea000 	C:\Windows\SYSTEM32\VERSION.dll
0x00007ffd2eb90000 - 0x00007ffd2ebc0000 	C:\Windows\System32\IMM32.DLL
0x00007ffd18dc0000 - 0x00007ffd18dcc000 	C:\Program Files\Java\jdk-19\bin\vcruntime140_1.dll
0x00007ffce2ad0000 - 0x00007ffce2b5e000 	C:\Program Files\Java\jdk-19\bin\msvcp140.dll
0x00007ffcd9d30000 - 0x00007ffcda9f0000 	C:\Program Files\Java\jdk-19\bin\server\jvm.dll
0x00007ffd08b50000 - 0x00007ffd08b59000 	C:\Windows\SYSTEM32\WSOCK32.dll
0x00007ffd24b90000 - 0x00007ffd24bb7000 	C:\Windows\SYSTEM32\WINMM.dll
0x00007ffd2eb20000 - 0x00007ffd2eb8b000 	C:\Windows\System32\WS2_32.dll
0x00007ffd2b020000 - 0x00007ffd2b032000 	C:\Windows\SYSTEM32\kernel.appcore.dll
0x00007ffd160b0000 - 0x00007ffd160ba000 	C:\Program Files\Java\jdk-19\bin\jimage.dll
0x00007ffd1fde0000 - 0x00007ffd1ffc4000 	C:\Windows\SYSTEM32\DBGHELP.DLL
0x00007ffd1fda0000 - 0x00007ffd1fdd4000 	C:\Windows\SYSTEM32\dbgcore.DLL
0x00007ffd2d460000 - 0x00007ffd2d4e2000 	C:\Windows\System32\bcryptPrimitives.dll
0x00007ffcdb750000 - 0x00007ffcdb78c000 	C:\Program Files\Java\jdk-19\bin\jdwp.dll
0x00007ffd16070000 - 0x00007ffd1607e000 	C:\Program Files\Java\jdk-19\bin\instrument.dll
0x00007ffd00fb0000 - 0x00007ffd00fd6000 	C:\Program Files\Java\jdk-19\bin\java.dll
0x00007ffcdfcd0000 - 0x00007ffcdfda7000 	C:\Program Files\Java\jdk-19\bin\jsvml.dll
0x00007ffd2f120000 - 0x00007ffd2f864000 	C:\Windows\System32\SHELL32.dll
0x00007ffd2b220000 - 0x00007ffd2b9b3000 	C:\Windows\SYSTEM32\windows.storage.dll
0x00007ffd2e3b0000 - 0x00007ffd2e704000 	C:\Windows\System32\combase.dll
0x00007ffd2cb50000 - 0x00007ffd2cb7e000 	C:\Windows\SYSTEM32\Wldp.dll
0x00007ffd2e950000 - 0x00007ffd2e9fd000 	C:\Windows\System32\SHCORE.dll
0x00007ffd2dfc0000 - 0x00007ffd2e015000 	C:\Windows\System32\shlwapi.dll
0x00007ffd2d110000 - 0x00007ffd2d12f000 	C:\Windows\SYSTEM32\profapi.dll
0x00007ffd18e10000 - 0x00007ffd18e1c000 	C:\Program Files\Java\jdk-19\bin\dt_socket.dll
0x00007ffd2c5a0000 - 0x00007ffd2c5dc000 	C:\Windows\SYSTEM32\IPHLPAPI.DLL
0x00007ffd2c8b0000 - 0x00007ffd2c91a000 	C:\Windows\system32\mswsock.dll
0x00007ffd2c5e0000 - 0x00007ffd2c6ab000 	C:\Windows\SYSTEM32\DNSAPI.dll
0x00007ffd2f8d0000 - 0x00007ffd2f8d8000 	C:\Windows\System32\NSI.dll
0x00007ffd26320000 - 0x00007ffd2632a000 	C:\Windows\System32\rasadhlp.dll
0x00007ffd28910000 - 0x00007ffd28992000 	C:\Windows\System32\fwpuclnt.dll
0x00007ffd2d4f0000 - 0x00007ffd2d517000 	C:\Windows\System32\bcrypt.dll
0x00007ffd14e80000 - 0x00007ffd14e98000 	C:\Program Files\Java\jdk-19\bin\zip.dll
0x00007ffd14180000 - 0x00007ffd14193000 	C:\Program Files\Java\jdk-19\bin\net.dll
0x00007ffd25260000 - 0x00007ffd2536a000 	C:\Windows\SYSTEM32\WINHTTP.dll
0x00007ffd13d60000 - 0x00007ffd13d76000 	C:\Program Files\Java\jdk-19\bin\nio.dll
0x00007ffd14260000 - 0x00007ffd1426a000 	C:\Program Files\Java\jdk-19\bin\management.dll
0x00007ffd0f8c0000 - 0x00007ffd0f8cb000 	C:\Program Files\Java\jdk-19\bin\management_ext.dll
0x00007ffd2e860000 - 0x00007ffd2e868000 	C:\Windows\System32\PSAPI.DLL
0x00007ffd15f80000 - 0x00007ffd15f90000 	C:\Program Files\Java\jdk-19\bin\verify.dll
0x00007ffd2cab0000 - 0x00007ffd2cac8000 	C:\Windows\SYSTEM32\CRYPTSP.dll
0x00007ffd2c1d0000 - 0x00007ffd2c204000 	C:\Windows\system32\rsaenh.dll
0x00007ffd2d0d0000 - 0x00007ffd2d0fe000 	C:\Windows\SYSTEM32\USERENV.dll
0x00007ffd2caa0000 - 0x00007ffd2caac000 	C:\Windows\SYSTEM32\CRYPTBASE.dll
0x00007ffd28080000 - 0x00007ffd28097000 	C:\Windows\SYSTEM32\dhcpcsvc6.DLL
0x00007ffd283e0000 - 0x00007ffd283fd000 	C:\Windows\SYSTEM32\dhcpcsvc.DLL
0x00007ffd15c00000 - 0x00007ffd15c0e000 	C:\Program Files\Java\jdk-19\bin\sunmscapi.dll
0x00007ffd2d2b0000 - 0x00007ffd2d40e000 	C:\Windows\System32\CRYPT32.dll
0x00007ffd2cc30000 - 0x00007ffd2cc58000 	C:\Windows\SYSTEM32\ncrypt.dll
0x00007ffd2cbf0000 - 0x00007ffd2cc2b000 	C:\Windows\SYSTEM32\NTASN1.dll
0x00007ffd131d0000 - 0x00007ffd131d8000 	C:\Program Files\Java\jdk-19\bin\extnet.dll
0x00007ffd09f00000 - 0x00007ffd09f07000 	C:\Windows\system32\wshunix.dll

dbghelp: loaded successfully - version: 4.0.5 - missing functions: none
symbol engine: initialized successfully - sym options: 0x614 - pdb path: .;C:\Program Files\Java\jdk-19\bin;C:\Windows\SYSTEM32;C:\Windows\WinSxS\amd64_microsoft.windows.common-controls_6595b64144ccf1df_6.0.19041.1110_none_60b5254171f9507e;C:\Program Files\Java\jdk-19\bin\server

VM Arguments:
jvm_args: -XX:+ShowCodeDetailsInExceptionMessages -agentlib:jdwp=transport=dt_socket,suspend=y,address=localhost:65242 -javaagent:C:\Users\andre.bisi\eclipse\jee-2021-12\eclipse\configuration\org.eclipse.osgi\418\0\.cp\lib\javaagent-shaded.jar -Dfile.encoding=UTF-8 
java_command: br.com.gerencialnet.GerencialnetApplication
java_class_path (initial): C:\AGBSoft\Java\gerencialnet\target\classes;C:\Users\andre.bisi\.m2\repository\org\springframework\boot\spring-boot-starter-web\3.0.6\spring-boot-starter-web-3.0.6.jar;C:\Users\andre.bisi\.m2\repository\org\springframework\boot\spring-boot-starter-json\3.0.6\spring-boot-starter-json-3.0.6.jar;C:\Users\andre.bisi\.m2\repository\com\fasterxml\jackson\datatype\jackson-datatype-jdk8\2.14.2\jackson-datatype-jdk8-2.14.2.jar;C:\Users\andre.bisi\.m2\repository\com\fasterxml\jackson\datatype\jackson-datatype-jsr310\2.14.2\jackson-datatype-jsr310-2.14.2.jar;C:\Users\andre.bisi\.m2\repository\com\fasterxml\jackson\module\jackson-module-parameter-names\2.14.2\jackson-module-parameter-names-2.14.2.jar;C:\Users\andre.bisi\.m2\repository\org\springframework\boot\spring-boot-starter-tomcat\3.0.6\spring-boot-starter-tomcat-3.0.6.jar;C:\Users\andre.bisi\.m2\repository\org\apache\tomcat\embed\tomcat-embed-core\10.1.8\tomcat-embed-core-10.1.8.jar;C:\Users\andre.bisi\.m2\repository\org\apache\tomcat\embed\tomcat-embed-websocket\10.1.8\tomcat-embed-websocket-10.1.8.jar;C:\Users\andre.bisi\.m2\repository\org\springframework\spring-web\6.0.8\spring-web-6.0.8.jar;C:\Users\andre.bisi\.m2\repository\org\springframework\spring-beans\6.0.8\spring-beans-6.0.8.jar;C:\Users\andre.bisi\.m2\repository\io\micrometer\micrometer-observation\1.10.6\micrometer-observation-1.10.6.jar;C:\Users\andre.bisi\.m2\repository\io\micrometer\micrometer-commons\1.10.6\micrometer-commons-1.10.6.jar;C:\Users\andre.bisi\.m2\repository\org\springframework\spring-webmvc\6.0.8\spring-webmvc-6.0.8.jar;C:\Users\andre.bisi\.m2\repository\org\springframework\spring-context\6.0.8\spring-context-6.0.8.jar;C:\Users\andre.bisi\.m2\repository\org\springframework\spring-expression\6.0.8\spring-expression-6.0.8.jar;C:\Users\andre.bisi\.m2\repository\org\springframework\boot\spring-boot-devtools\3.0.6\spring-boot-devtools-3.0.6.jar;C:\Users\andre.bisi\.m2\repository\org\springframework\boot\spring-boot\3.0.6\spring-boot-3.0.6.jar;C:\Users\andre.bisi\.m2\repository\org\springframework\boot\spring-boot-autoconfigure\3.0.6\spring-boot-autoconfigure-3.0.6.jar;C:\Users\andre.bisi\.m2\repository\org\springframework\boot\spring-boot-starter\3.0.6\spring-boot-starter-3.0.6.jar;C:\Users\andre.bisi\.m2\repository\org\springframework\boot\spring-boot-starter-logging\3.0.6\spring-boot-starter-logging-3.0.6.jar;C:\Users\andre.bisi\.m2\repository\ch\qos\logback\logback-classic\1.4.7\logback-classic-1.4.7.jar;C:\Users\andre.bisi\.m2\repository\ch\qos\logback\logback-core\1.4.7\logback-core-1.4.7.jar;C:\Users\andre.bisi\.m2\repository\org\apache\logging\log4j\log4j-to-slf4j\2.19.0\log4j-to-slf4j-2.19.0.jar;C:\Users\andre.bisi\.m2\repository\org\apache\logging\log4j\log4j-api\2.19.0\log4j-api-2.19.0.jar;C:\Users\andre.bisi\.m2\repository\org\slf4j\jul-to-slf4j\2.0.7\jul-to-slf4j-2.0.7.jar;C:\Users\andre.bisi\.m2\repository\jakarta\annotation\jakarta.annotation-api\2.1.1\jakarta.annotation-api-2.1.1.jar;C:\Users\andre.bisi\.m2\repository\org\springframework\spring-core\6.0.8\spring-core-6.0.8.jar;C:\Users\andre.bisi\.m2\repository\org\springframework\spring-jcl\6.0.8\spring-jcl-6.0.8.jar;C:\Users\andre.bisi\.m2\repository\org\yaml\snakeyaml\1.33\snakeyaml-1.33.jar;C:\Users\andre.bisi\.m2\repository\org\postgresql\postgresql\42.5.4\postgresql-42.5.4.jar;C:\Users\andre.bisi\.m2\repository\org\checkerframework\checker-qual\3.5.0\checker-qual-3.5.0.jar;C:\Users\andre.bisi\.m2\repository\org\projectlombok\lombok\1.18.26\lombok-1.18.26.jar;C:\Users\andre.bisi\.m2\repository\org\slf4j\slf4j-api\2.0.7\slf4j-api-2.0.7.jar;C:\Users\andre.bisi\.m2\repository\jakarta\xml\bind\jakarta.xml.bind-api\4.0.0\jakarta.xml.bind-api-4.0.0.jar;C:\Users\andre.bisi\.m2\repository\jakarta\activation\jakarta.activation-api\2.1.1\jakarta.activation-api-2.1.1.jar;C:\Users\andre.bisi\.m2\repository\net\bytebuddy\byte-buddy\1.12.23\byte-buddy-1.12.23.jar;C:\Users\andre.bisi\.m2\repository\org\flywaydb\flyway-core\9.5.1\flyway-core-9.5.1.jar;C:\Users\andre.bisi\.m2\repository\com\electronwill\night-config\toml\3.6.6\toml-3.6.6.jar;C:\Users\andre.bisi\.m2\repository\com\electronwill\night-config\core\3.6.6\core-3.6.6.jar;C:\Users\andre.bisi\.m2\repository\org\springframework\boot\spring-boot-starter-security\3.0.6\spring-boot-starter-security-3.0.6.jar;C:\Users\andre.bisi\.m2\repository\org\springframework\spring-aop\6.0.8\spring-aop-6.0.8.jar;C:\Users\andre.bisi\.m2\repository\org\springframework\security\spring-security-config\6.0.3\spring-security-config-6.0.3.jar;C:\Users\andre.bisi\.m2\repository\org\springframework\security\spring-security-web\6.0.3\spring-security-web-6.0.3.jar;C:\Users\andre.bisi\.m2\repository\org\springframework\security\spring-security-core\6.0.3\spring-security-core-6.0.3.jar;C:\Users\andre.bisi\.m2\repository\org\springframework\security\spring-security-crypto\6.0.3\spring-security-crypto-6.0.3.jar;C:\Users\andre.bisi\.m2\repository\com\auth0\java-jwt\4.4.0\java-jwt-4.4.0.jar;C:\Users\andre.bisi\.m2\repository\com\fasterxml\jackson\core\jackson-databind\2.14.2\jackson-databind-2.14.2.jar;C:\Users\andre.bisi\.m2\repository\com\fasterxml\jackson\core\jackson-annotations\2.14.2\jackson-annotations-2.14.2.jar;C:\Users\andre.bisi\.m2\repository\com\fasterxml\jackson\core\jackson-core\2.14.2\jackson-core-2.14.2.jar;C:\Users\andre.bisi\.m2\repository\org\springframework\boot\spring-boot-starter-data-jpa\3.0.6\spring-boot-starter-data-jpa-3.0.6.jar;C:\Users\andre.bisi\.m2\repository\org\springframework\boot\spring-boot-starter-aop\3.0.6\spring-boot-starter-aop-3.0.6.jar;C:\Users\andre.bisi\.m2\repository\org\aspectj\aspectjweaver\1.9.19\aspectjweaver-1.9.19.jar;C:\Users\andre.bisi\.m2\repository\org\springframework\boot\spring-boot-starter-jdbc\3.0.6\spring-boot-starter-jdbc-3.0.6.jar;C:\Users\andre.bisi\.m2\repository\com\zaxxer\HikariCP\5.0.1\HikariCP-5.0.1.jar;C:\Users\andre.bisi\.m2\repository\org\springframework\spring-jdbc\6.0.8\spring-jdbc-6.0.8.jar;C:\Users\andre.bisi\.m2\repository\org\hibernate\orm\hibernate-core\6.1.7.Final\hibernate-core-6.1.7.Final.jar;C:\Users\andre.bisi\.m2\repository\jakarta\persistence\jakarta.persistence-api\3.1.0\jakarta.persistence-api-3.1.0.jar;C:\Users\andre.bisi\.m2\repository\jakarta\transaction\jakarta.transaction-api\2.0.1\jakarta.transaction-api-2.0.1.jar;C:\Users\andre.bisi\.m2\repository\org\jboss\logging\jboss-logging\3.5.0.Final\jboss-logging-3.5.0.Final.jar;C:\Users\andre.bisi\.m2\repository\org\hibernate\common\hibernate-commons-annotations\6.0.6.Final\hibernate-commons-annotations-6.0.6.Final.jar;C:\Users\andre.bisi\.m2\repository\org\jboss\jandex\2.4.2.Final\jandex-2.4.2.Final.jar;C:\Users\andre.bisi\.m2\repository\com\fasterxml\classmate\1.5.1\classmate-1.5.1.jar;C:\Users\andre.bisi\.m2\repository\org\glassfish\jaxb\jaxb-runtime\4.0.2\jaxb-runtime-4.0.2.jar;C:\Users\andre.bisi\.m2\repository\org\glassfish\jaxb\jaxb-core\4.0.2\jaxb-core-4.0.2.jar;C:\Users\andre.bisi\.m2\repository\org\eclipse\angus\angus-activation\2.0.0\angus-activation-2.0.0.jar;C:\Users\andre.bisi\.m2\repository\org\glassfish\jaxb\txw2\4.0.2\txw2-4.0.2.jar;C:\Users\andre.bisi\.m2\repository\com\sun\istack\istack-commons-runtime\4.1.1\istack-commons-runtime-4.1.1.jar;C:\Users\andre.bisi\.m2\repository\jakarta\inject\jakarta.inject-api\2.0.0\jakarta.inject-api-2.0.0.jar;C:\Users\andre.bisi\.m2\repository\org\antlr\antlr4-runtime\4.10.1\antlr4-runtime-4.10.1.jar;C:\Users\andre.bisi\.m2\repository\org\springframework\data\spring-data-jpa\3.0.5\spring-data-jpa-3.0.5.jar;C:\Users\andre.bisi\.m2\repository\org\springframework\data\spring-data-commons\3.0.5\spring-data-commons-3.0.5.jar;C:\Users\andre.bisi\.m2\repository\org\springframework\spring-orm\6.0.8\spring-orm-6.0.8.jar;C:\Users\andre.bisi\.m2\repository\org\springframework\spring-tx\6.0.8\spring-tx-6.0.8.jar;C:\Users\andre.bisi\.m2\repository\org\springframework\spring-aspects\6.0.8\spring-aspects-6.0.8.jar;C:\Users\andre.bisi\.m2\repository\org\springframework\boot\spring-boot-starter-validation\3.0.6\spring-boot-starter-validation-3.0.6.jar;C:\Users\andre.bisi\.m2\repository\org\apache\tomcat\embed\tomcat-embed-el\10.1.8\tomcat-embed-el-10.1.8.jar;C:\Users\andre.bisi\.m2\repository\org\hibernate\validator\hibernate-validator\8.0.0.Final\hibernate-validator-8.0.0.Final.jar;C:\Users\andre.bisi\.m2\repository\jakarta\validation\jakarta.validation-api\3.0.2\jakarta.validation-api-3.0.2.jar;C:\Users\andre.bisi\.m2\repository\org\springdoc\springdoc-openapi-starter-webmvc-ui\2.0.2\springdoc-openapi-starter-webmvc-ui-2.0.2.jar;C:\Users\andre.bisi\.m2\repository\org\springdoc\springdoc-openapi-starter-webmvc-api\2.0.2\springdoc-openapi-starter-webmvc-api-2.0.2.jar;C:\Users\andre.bisi\.m2\repository\org\springdoc\springdoc-openapi-starter-common\2.0.2\springdoc-openapi-starter-common-2.0.2.jar;C:\Users\andre.bisi\.m2\repository\io\swagger\core\v3\swagger-core-jakarta\2.2.7\swagger-core-jakarta-2.2.7.jar;C:\Users\andre.bisi\.m2\repository\org\apache\commons\commons-lang3\3.12.0\commons-lang3-3.12.0.jar;C:\Users\andre.bisi\.m2\repository\io\swagger\core\v3\swagger-annotations-jakarta\2.2.7\swagger-annotations-jakarta-2.2.7.jar;C:\Users\andre.bisi\.m2\repository\io\swagger\core\v3\swagger-models-jakarta\2.2.7\swagger-models-jakarta-2.2.7.jar;C:\Users\andre.bisi\.m2\repository\com\fasterxml\jackson\dataformat\jackson-dataformat-yaml\2.14.2\jackson-dataformat-yaml-2.14.2.jar;C:\Users\andre.bisi\.m2\repository\org\webjars\swagger-ui\4.15.5\swagger-ui-4.15.5.jar;C:\Users\andre.bisi\.m2\repository\org\webjars\webjars-locator-core\0.52\webjars-locator-core-0.52.jar;C:\Users\andre.bisi\.m2\repository\io\github\classgraph\classgraph\4.8.149\classgraph-4.8.149.jar
Launcher Type: SUN_STANDARD

[Global flags]
     intx CICompilerCount                          = 4                                         {product} {ergonomic}
     uint ConcGCThreads                            = 2                                         {product} {ergonomic}
     uint G1ConcRefinementThreads                  = 8                                         {product} {ergonomic}
   size_t G1HeapRegionSize                         = 2097152                                   {product} {ergonomic}
    uintx GCDrainStackTargetSize                   = 64                                        {product} {ergonomic}
   size_t InitialHeapSize                          = 266338304                                 {product} {ergonomic}
   size_t MarkStackSize                            = 4194304                                   {product} {ergonomic}
   size_t MaxHeapSize                              = 4261412864                                {product} {ergonomic}
   size_t MaxNewSize                               = 2556428288                                {product} {ergonomic}
   size_t MinHeapDeltaBytes                        = 2097152                                   {product} {ergonomic}
   size_t MinHeapSize                              = 8388608                                   {product} {ergonomic}
    uintx NonNMethodCodeHeapSize                   = 5839372                                {pd product} {ergonomic}
    uintx NonProfiledCodeHeapSize                  = 122909434                              {pd product} {ergonomic}
    uintx ProfiledCodeHeapSize                     = 122909434                              {pd product} {ergonomic}
    uintx ReservedCodeCacheSize                    = 251658240                              {pd product} {ergonomic}
     bool SegmentedCodeCache                       = true                                      {product} {ergonomic}
     bool ShowCodeDetailsInExceptionMessages       = true                                   {manageable} {command line}
   size_t SoftMaxHeapSize                          = 4261412864                             {manageable} {ergonomic}
     bool UseCompressedClassPointers               = true                           {product lp64_product} {ergonomic}
     bool UseCompressedOops                        = true                           {product lp64_product} {ergonomic}
     bool UseG1GC                                  = true                                      {product} {ergonomic}
     bool UseLargePagesIndividualAllocation        = false                                  {pd product} {ergonomic}

Logging:
Log output configuration:
 #0: stdout all=warning uptime,level,tags foldmultilines=false
 #1: stderr all=off uptime,level,tags foldmultilines=false

Environment Variables:
PATH=C:\Program Files\Common Files\Oracle\Java\javapath;C:\Program Files (x86)\Common Files\Oracle\Java\javapath;c:\oracle\product\11.2.0\client_1\bin;C:\Program Files (x86)\Embarcadero\Studio\19.0\bin;C:\Users\Public\Documents\Embarcadero\Studio\19.0\Bpl;C:\Program Files (x86)\Embarcadero\Studio\19.0\bin64;C:\Users\Public\Documents\Embarcadero\Studio\19.0\Bpl\Win64;C:\Windows\system32;C:\Windows;C:\Windows\System32\Wbem;C:\Windows\System32\WindowsPowerShell\v1.0\;C:\Windows\System32\OpenSSH\;C:\Program Files (x86)\Microsoft SQL Server\150\DTS\Binn\;C:\Program Files\Azure Data Studio\bin;C:\Program Files\Java\jre1.8.0_301\bin;C:\Program Files\Git\cmd;C:\Program Files\Microsoft SQL Server\150\Tools\Binn\;C:\Program Files\Microsoft SQL Server\Client SDK\ODBC\170\Tools\Binn\;C:\Users\andre.bisi\AppData\Local\Programs\Python\Python38;C:\ProgramData\chocolatey\bin;C:\Program Files\Go\bin;C:\Program Files\dotnet\;C:\Program Files\Microsoft SQL Server\110\Tools\Binn\;c:\oracle\product\11.2.0\client_1\bin;C:\Program Files\Common Files\Oracle\Java\javapath;C:\Program Files (x86)\Embarcadero\Studio\19.0\bin;C:\Users\Public\Documents\Embarcadero\Studio\19.0\Bpl;C:\Program Files (x86)\Embarcadero\Studio\19.0\bin64;C:\Users\Public\Documents\Embarcadero\Studio\19.0\Bpl\Win64;C:\Program Files (x86)\Common Files\Oracle\Java\javapath;C:\Windows\system32;C:\Windows;C:\Windows\System32\Wbem;C:\Windows\System32\WindowsPowerShell\v1.0\;C:\Windows\System32\OpenSSH\;C:\Program Files (x86)\Microsoft SQL Server\150\DTS\Binn\;C:\Program Files\Azure Data Studio\bin;C:\Program Files\Java\jre1.8.0_301\bin;C:\Program Files\Git\cmd;C:\Program Files\Microsoft SQL Server\150\Tools\Binn\;C:\Program Files\Microsoft SQL Server\Client SDK\ODBC\170\Tools\Binn\;C:\Users\andre.bisi\AppData\Local\Programs\Python\Python38;C:\Program Files\dotnet\;C:\ProgramData\chocolatey\bin;C:\Program Files\Go\bin;C:\Users\andre.bisi\AppData\Local\Microsoft\WindowsApps;C:\Program Files\Azure Data Studio\bin;C:\flutter\bin;E:\S;E:\Setup\cmder;C:\Users\andre.bisi\go\bin;C:\Users\andre.bisi\AppData\Local\Programs\Microsoft VS Code\bin;C:\Users\andre.bisi\.dotnet\tools
USERNAME=andre.bisi
OS=Windows_NT
PROCESSOR_IDENTIFIER=Intel64 Family 6 Model 158 Stepping 9, GenuineIntel
TMP=C:\Users\ANDRE~1.BIS\AppData\Local\Temp
TEMP=C:\Users\ANDRE~1.BIS\AppData\Local\Temp



---------------  S Y S T E M  ---------------

OS:
 Windows 10 , 64 bit Build 19041 (10.0.19041.2913)
OS uptime: 2 days 5:57 hours

CPU: total 8 (initial active 8) (4 cores per cpu, 2 threads per core) family 6 model 158 stepping 9 microcode 0xb4, cx8, cmov, fxsr, ht, mmx, 3dnowpref, sse, sse2, sse3, ssse3, sse4.1, sse4.2, popcnt, lzcnt, tsc, tscinvbit, avx, avx2, aes, erms, clmul, bmi1, bmi2, rtm, adx, fma, vzeroupper, clflush, clflushopt, rdtscp

Memory: 4k page, system-wide physical 16253M (4176M free)
TotalPageFile size 19718M (AvailPageFile size 2507M)
current process WorkingSet (physical memory assigned to process): 497M, peak: 497M
current process commit charge ("private bytes"): 690M, peak: 691M

vm_info: Java HotSpot(TM) 64-Bit Server VM (19+36-2238) for windows-amd64 JRE (19+36-2238), built on 2022-08-12T20:29:01Z by "mach5one" with MS VC++ 17.1 (VS2022)

END.
